{"C:\\Users\\leoma\\OneDrive\\Desktop\\Apps\\Soclean Coordinación\\src\\App.tsx": {"path":"C:\\Users\\leoma\\OneDrive\\Desktop\\Apps\\Soclean Coordinación\\src\\App.tsx","statementMap":{"0":{"start":{"line":8,"column":6},"end":{"line":8,"column":null}},"1":{"start":{"line":8,"column":29},"end":{"line":8,"column":null}},"2":{"start":{"line":9,"column":6},"end":{"line":9,"column":null}},"3":{"start":{"line":9,"column":29},"end":{"line":9,"column":null}},"4":{"start":{"line":10,"column":6},"end":{"line":10,"column":null}},"5":{"start":{"line":10,"column":29},"end":{"line":10,"column":null}},"6":{"start":{"line":11,"column":6},"end":{"line":11,"column":null}},"7":{"start":{"line":11,"column":27},"end":{"line":11,"column":null}},"8":{"start":{"line":12,"column":6},"end":{"line":12,"column":null}},"9":{"start":{"line":12,"column":28},"end":{"line":12,"column":null}},"10":{"start":{"line":13,"column":6},"end":{"line":13,"column":null}},"11":{"start":{"line":13,"column":25},"end":{"line":13,"column":null}},"12":{"start":{"line":14,"column":6},"end":{"line":14,"column":null}},"13":{"start":{"line":14,"column":32},"end":{"line":14,"column":null}},"14":{"start":{"line":15,"column":6},"end":{"line":15,"column":null}},"15":{"start":{"line":15,"column":30},"end":{"line":15,"column":null}},"16":{"start":{"line":16,"column":6},"end":{"line":16,"column":null}},"17":{"start":{"line":16,"column":27},"end":{"line":16,"column":null}},"18":{"start":{"line":17,"column":6},"end":{"line":17,"column":null}},"19":{"start":{"line":17,"column":27},"end":{"line":17,"column":null}},"20":{"start":{"line":18,"column":6},"end":{"line":18,"column":null}},"21":{"start":{"line":18,"column":26},"end":{"line":18,"column":null}},"22":{"start":{"line":19,"column":6},"end":{"line":19,"column":null}},"23":{"start":{"line":19,"column":28},"end":{"line":19,"column":null}},"24":{"start":{"line":20,"column":6},"end":{"line":20,"column":null}},"25":{"start":{"line":20,"column":36},"end":{"line":20,"column":null}},"26":{"start":{"line":22,"column":19},"end":{"line":26,"column":null}},"27":{"start":{"line":23,"column":2},"end":{"line":26,"column":null}},"28":{"start":{"line":32,"column":8},"end":{"line":32,"column":null}},"29":{"start":{"line":32,"column":38},"end":{"line":32,"column":47}},"30":{"start":{"line":33,"column":8},"end":{"line":33,"column":null}},"31":{"start":{"line":33,"column":38},"end":{"line":33,"column":47}},"32":{"start":{"line":34,"column":8},"end":{"line":34,"column":null}},"33":{"start":{"line":34,"column":41},"end":{"line":34,"column":53}},"34":{"start":{"line":35,"column":8},"end":{"line":35,"column":null}},"35":{"start":{"line":35,"column":35},"end":{"line":35,"column":41}},"36":{"start":{"line":36,"column":8},"end":{"line":36,"column":null}},"37":{"start":{"line":36,"column":35},"end":{"line":36,"column":41}},"38":{"start":{"line":38,"column":2},"end":{"line":132,"column":null}},"39":{"start":{"line":39,"column":18},"end":{"line":39,"column":null}},"40":{"start":{"line":42,"column":6},"end":{"line":86,"column":null}},"41":{"start":{"line":43,"column":45},"end":{"line":43,"column":null}},"42":{"start":{"line":45,"column":8},"end":{"line":56,"column":null}},"43":{"start":{"line":46,"column":10},"end":{"line":46,"column":null}},"44":{"start":{"line":48,"column":10},"end":{"line":48,"column":null}},"45":{"start":{"line":49,"column":10},"end":{"line":49,"column":null}},"46":{"start":{"line":50,"column":10},"end":{"line":54,"column":null}},"47":{"start":{"line":51,"column":12},"end":{"line":51,"column":null}},"48":{"start":{"line":52,"column":12},"end":{"line":52,"column":null}},"49":{"start":{"line":53,"column":12},"end":{"line":53,"column":null}},"50":{"start":{"line":55,"column":10},"end":{"line":55,"column":null}},"51":{"start":{"line":58,"column":8},"end":{"line":60,"column":null}},"52":{"start":{"line":59,"column":10},"end":{"line":59,"column":null}},"53":{"start":{"line":62,"column":8},"end":{"line":76,"column":null}},"54":{"start":{"line":63,"column":46},"end":{"line":67,"column":null}},"55":{"start":{"line":69,"column":10},"end":{"line":75,"column":null}},"56":{"start":{"line":70,"column":12},"end":{"line":70,"column":null}},"57":{"start":{"line":71,"column":10},"end":{"line":75,"column":null}},"58":{"start":{"line":72,"column":13},"end":{"line":72,"column":null}},"59":{"start":{"line":74,"column":13},"end":{"line":74,"column":null}},"60":{"start":{"line":78,"column":8},"end":{"line":78,"column":null}},"61":{"start":{"line":79,"column":8},"end":{"line":83,"column":null}},"62":{"start":{"line":80,"column":12},"end":{"line":80,"column":null}},"63":{"start":{"line":82,"column":12},"end":{"line":82,"column":null}},"64":{"start":{"line":85,"column":8},"end":{"line":85,"column":null}},"65":{"start":{"line":85,"column":21},"end":{"line":85,"column":null}},"66":{"start":{"line":89,"column":4},"end":{"line":89,"column":null}},"67":{"start":{"line":94,"column":8},"end":{"line":126,"column":null}},"68":{"start":{"line":95,"column":6},"end":{"line":95,"column":null}},"69":{"start":{"line":95,"column":20},"end":{"line":95,"column":null}},"70":{"start":{"line":97,"column":6},"end":{"line":103,"column":null}},"71":{"start":{"line":98,"column":8},"end":{"line":98,"column":null}},"72":{"start":{"line":99,"column":8},"end":{"line":99,"column":null}},"73":{"start":{"line":101,"column":8},"end":{"line":101,"column":null}},"74":{"start":{"line":102,"column":8},"end":{"line":102,"column":null}},"75":{"start":{"line":105,"column":6},"end":{"line":125,"column":null}},"76":{"start":{"line":106,"column":8},"end":{"line":106,"column":null}},"77":{"start":{"line":107,"column":8},"end":{"line":120,"column":null}},"78":{"start":{"line":108,"column":34},"end":{"line":112,"column":null}},"79":{"start":{"line":114,"column":10},"end":{"line":119,"column":null}},"80":{"start":{"line":115,"column":12},"end":{"line":115,"column":null}},"81":{"start":{"line":116,"column":10},"end":{"line":119,"column":null}},"82":{"start":{"line":117,"column":13},"end":{"line":117,"column":null}},"83":{"start":{"line":118,"column":13},"end":{"line":118,"column":null}},"84":{"start":{"line":122,"column":8},"end":{"line":122,"column":null}},"85":{"start":{"line":124,"column":8},"end":{"line":124,"column":null}},"86":{"start":{"line":124,"column":21},"end":{"line":124,"column":null}},"87":{"start":{"line":128,"column":4},"end":{"line":131,"column":null}},"88":{"start":{"line":129,"column":6},"end":{"line":129,"column":null}},"89":{"start":{"line":130,"column":6},"end":{"line":130,"column":null}},"90":{"start":{"line":134,"column":2},"end":{"line":167,"column":null}}},"fnMap":{"0":{"name":"(anonymous_0)","decl":{"start":{"line":8,"column":23},"end":{"line":8,"column":29}},"loc":{"start":{"line":8,"column":29},"end":{"line":8,"column":null}},"line":8},"1":{"name":"(anonymous_1)","decl":{"start":{"line":9,"column":23},"end":{"line":9,"column":29}},"loc":{"start":{"line":9,"column":29},"end":{"line":9,"column":null}},"line":9},"2":{"name":"(anonymous_2)","decl":{"start":{"line":10,"column":23},"end":{"line":10,"column":29}},"loc":{"start":{"line":10,"column":29},"end":{"line":10,"column":null}},"line":10},"3":{"name":"(anonymous_3)","decl":{"start":{"line":11,"column":21},"end":{"line":11,"column":27}},"loc":{"start":{"line":11,"column":27},"end":{"line":11,"column":null}},"line":11},"4":{"name":"(anonymous_4)","decl":{"start":{"line":12,"column":22},"end":{"line":12,"column":28}},"loc":{"start":{"line":12,"column":28},"end":{"line":12,"column":null}},"line":12},"5":{"name":"(anonymous_5)","decl":{"start":{"line":13,"column":19},"end":{"line":13,"column":25}},"loc":{"start":{"line":13,"column":25},"end":{"line":13,"column":null}},"line":13},"6":{"name":"(anonymous_6)","decl":{"start":{"line":14,"column":26},"end":{"line":14,"column":32}},"loc":{"start":{"line":14,"column":32},"end":{"line":14,"column":null}},"line":14},"7":{"name":"(anonymous_7)","decl":{"start":{"line":15,"column":24},"end":{"line":15,"column":30}},"loc":{"start":{"line":15,"column":30},"end":{"line":15,"column":null}},"line":15},"8":{"name":"(anonymous_8)","decl":{"start":{"line":16,"column":21},"end":{"line":16,"column":27}},"loc":{"start":{"line":16,"column":27},"end":{"line":16,"column":null}},"line":16},"9":{"name":"(anonymous_9)","decl":{"start":{"line":17,"column":21},"end":{"line":17,"column":27}},"loc":{"start":{"line":17,"column":27},"end":{"line":17,"column":null}},"line":17},"10":{"name":"(anonymous_10)","decl":{"start":{"line":18,"column":20},"end":{"line":18,"column":26}},"loc":{"start":{"line":18,"column":26},"end":{"line":18,"column":null}},"line":18},"11":{"name":"(anonymous_11)","decl":{"start":{"line":19,"column":22},"end":{"line":19,"column":28}},"loc":{"start":{"line":19,"column":28},"end":{"line":19,"column":null}},"line":19},"12":{"name":"(anonymous_12)","decl":{"start":{"line":20,"column":30},"end":{"line":20,"column":36}},"loc":{"start":{"line":20,"column":36},"end":{"line":20,"column":null}},"line":20},"13":{"name":"(anonymous_13)","decl":{"start":{"line":22,"column":19},"end":{"line":22,"column":null}},"loc":{"start":{"line":23,"column":2},"end":{"line":26,"column":null}},"line":23},"14":{"name":"App","decl":{"start":{"line":31,"column":9},"end":{"line":31,"column":15}},"loc":{"start":{"line":31,"column":15},"end":{"line":169,"column":null}},"line":31},"15":{"name":"(anonymous_15)","decl":{"start":{"line":32,"column":31},"end":{"line":32,"column":32}},"loc":{"start":{"line":32,"column":38},"end":{"line":32,"column":47}},"line":32},"16":{"name":"(anonymous_16)","decl":{"start":{"line":33,"column":31},"end":{"line":33,"column":32}},"loc":{"start":{"line":33,"column":38},"end":{"line":33,"column":47}},"line":33},"17":{"name":"(anonymous_17)","decl":{"start":{"line":34,"column":34},"end":{"line":34,"column":35}},"loc":{"start":{"line":34,"column":41},"end":{"line":34,"column":53}},"line":34},"18":{"name":"(anonymous_18)","decl":{"start":{"line":35,"column":28},"end":{"line":35,"column":29}},"loc":{"start":{"line":35,"column":35},"end":{"line":35,"column":41}},"line":35},"19":{"name":"(anonymous_19)","decl":{"start":{"line":36,"column":28},"end":{"line":36,"column":29}},"loc":{"start":{"line":36,"column":35},"end":{"line":36,"column":41}},"line":36},"20":{"name":"(anonymous_20)","decl":{"start":{"line":38,"column":12},"end":{"line":38,"column":18}},"loc":{"start":{"line":38,"column":18},"end":{"line":132,"column":5}},"line":38},"21":{"name":"initSession","decl":{"start":{"line":41,"column":19},"end":{"line":41,"column":33}},"loc":{"start":{"line":41,"column":33},"end":{"line":87,"column":null}},"line":41},"22":{"name":"(anonymous_22)","decl":{"start":{"line":49,"column":46},"end":{"line":49,"column":52}},"loc":{"start":{"line":49,"column":52},"end":{"line":49,"column":55}},"line":49},"23":{"name":"(anonymous_23)","decl":{"start":{"line":94,"column":40},"end":{"line":94,"column":47}},"loc":{"start":{"line":94,"column":66},"end":{"line":126,"column":5}},"line":94},"24":{"name":"(anonymous_24)","decl":{"start":{"line":128,"column":11},"end":{"line":128,"column":17}},"loc":{"start":{"line":128,"column":17},"end":{"line":131,"column":null}},"line":128}},"branchMap":{"0":{"loc":{"start":{"line":45,"column":8},"end":{"line":56,"column":null}},"type":"if","locations":[{"start":{"line":45,"column":8},"end":{"line":56,"column":null}},{"start":{},"end":{}}],"line":45},"1":{"loc":{"start":{"line":50,"column":10},"end":{"line":54,"column":null}},"type":"if","locations":[{"start":{"line":50,"column":10},"end":{"line":54,"column":null}},{"start":{},"end":{}}],"line":50},"2":{"loc":{"start":{"line":58,"column":8},"end":{"line":60,"column":null}},"type":"if","locations":[{"start":{"line":58,"column":8},"end":{"line":60,"column":null}},{"start":{},"end":{}}],"line":58},"3":{"loc":{"start":{"line":59,"column":18},"end":{"line":59,"column":39}},"type":"binary-expr","locations":[{"start":{"line":59,"column":18},"end":{"line":59,"column":35}},{"start":{"line":59,"column":35},"end":{"line":59,"column":39}}],"line":59},"4":{"loc":{"start":{"line":62,"column":8},"end":{"line":76,"column":null}},"type":"if","locations":[{"start":{"line":62,"column":8},"end":{"line":76,"column":null}},{"start":{},"end":{}}],"line":62},"5":{"loc":{"start":{"line":69,"column":10},"end":{"line":75,"column":null}},"type":"if","locations":[{"start":{"line":69,"column":10},"end":{"line":75,"column":null}},{"start":{"line":71,"column":10},"end":{"line":75,"column":null}}],"line":69},"6":{"loc":{"start":{"line":69,"column":14},"end":{"line":69,"column":46}},"type":"binary-expr","locations":[{"start":{"line":69,"column":14},"end":{"line":69,"column":29}},{"start":{"line":69,"column":29},"end":{"line":69,"column":37}},{"start":{"line":69,"column":37},"end":{"line":69,"column":46}}],"line":69},"7":{"loc":{"start":{"line":71,"column":10},"end":{"line":75,"column":null}},"type":"if","locations":[{"start":{"line":71,"column":10},"end":{"line":75,"column":null}},{"start":{},"end":{}}],"line":71},"8":{"loc":{"start":{"line":71,"column":21},"end":{"line":71,"column":44}},"type":"binary-expr","locations":[{"start":{"line":71,"column":21},"end":{"line":71,"column":35}},{"start":{"line":71,"column":35},"end":{"line":71,"column":44}}],"line":71},"9":{"loc":{"start":{"line":85,"column":8},"end":{"line":85,"column":null}},"type":"if","locations":[{"start":{"line":85,"column":8},"end":{"line":85,"column":null}},{"start":{},"end":{}}],"line":85},"10":{"loc":{"start":{"line":95,"column":6},"end":{"line":95,"column":null}},"type":"if","locations":[{"start":{"line":95,"column":6},"end":{"line":95,"column":null}},{"start":{},"end":{}}],"line":95},"11":{"loc":{"start":{"line":97,"column":6},"end":{"line":103,"column":null}},"type":"if","locations":[{"start":{"line":97,"column":6},"end":{"line":103,"column":null}},{"start":{},"end":{}}],"line":97},"12":{"loc":{"start":{"line":97,"column":10},"end":{"line":97,"column":46}},"type":"binary-expr","locations":[{"start":{"line":97,"column":10},"end":{"line":97,"column":36}},{"start":{"line":97,"column":36},"end":{"line":97,"column":46}}],"line":97},"13":{"loc":{"start":{"line":106,"column":16},"end":{"line":106,"column":37}},"type":"binary-expr","locations":[{"start":{"line":106,"column":16},"end":{"line":106,"column":33}},{"start":{"line":106,"column":33},"end":{"line":106,"column":37}}],"line":106},"14":{"loc":{"start":{"line":107,"column":8},"end":{"line":120,"column":null}},"type":"if","locations":[{"start":{"line":107,"column":8},"end":{"line":120,"column":null}},{"start":{},"end":{}}],"line":107},"15":{"loc":{"start":{"line":114,"column":10},"end":{"line":119,"column":null}},"type":"if","locations":[{"start":{"line":114,"column":10},"end":{"line":119,"column":null}},{"start":{"line":116,"column":10},"end":{"line":119,"column":null}}],"line":114},"16":{"loc":{"start":{"line":114,"column":14},"end":{"line":114,"column":41}},"type":"binary-expr","locations":[{"start":{"line":114,"column":14},"end":{"line":114,"column":24}},{"start":{"line":114,"column":24},"end":{"line":114,"column":32}},{"start":{"line":114,"column":32},"end":{"line":114,"column":41}}],"line":114},"17":{"loc":{"start":{"line":116,"column":10},"end":{"line":119,"column":null}},"type":"if","locations":[{"start":{"line":116,"column":10},"end":{"line":119,"column":null}},{"start":{},"end":{}}],"line":116},"18":{"loc":{"start":{"line":116,"column":21},"end":{"line":116,"column":39}},"type":"binary-expr","locations":[{"start":{"line":116,"column":21},"end":{"line":116,"column":30}},{"start":{"line":116,"column":30},"end":{"line":116,"column":39}}],"line":116},"19":{"loc":{"start":{"line":124,"column":8},"end":{"line":124,"column":null}},"type":"if","locations":[{"start":{"line":124,"column":8},"end":{"line":124,"column":null}},{"start":{},"end":{}}],"line":124},"20":{"loc":{"start":{"line":140,"column":21},"end":{"line":140,"column":null}},"type":"cond-expr","locations":[{"start":{"line":140,"column":28},"end":{"line":140,"column":58}},{"start":{"line":140,"column":58},"end":{"line":140,"column":null}}],"line":140},"21":{"loc":{"start":{"line":145,"column":36},"end":{"line":145,"column":113}},"type":"cond-expr","locations":[{"start":{"line":145,"column":75},"end":{"line":145,"column":98}},{"start":{"line":145,"column":98},"end":{"line":145,"column":113}}],"line":145},"22":{"loc":{"start":{"line":146,"column":48},"end":{"line":146,"column":139}},"type":"cond-expr","locations":[{"start":{"line":146,"column":87},"end":{"line":146,"column":110}},{"start":{"line":146,"column":110},"end":{"line":146,"column":139}}],"line":146}},"s":{"0":1,"1":0,"2":1,"3":0,"4":1,"5":0,"6":1,"7":0,"8":1,"9":0,"10":1,"11":1,"12":1,"13":0,"14":1,"15":0,"16":1,"17":0,"18":1,"19":0,"20":1,"21":0,"22":1,"23":0,"24":1,"25":0,"26":1,"27":2,"28":2,"29":8,"30":2,"31":8,"32":2,"33":8,"34":2,"35":8,"36":2,"37":8,"38":2,"39":2,"40":2,"41":2,"42":0,"43":0,"44":0,"45":0,"46":0,"47":0,"48":0,"49":0,"50":0,"51":0,"52":0,"53":0,"54":0,"55":0,"56":0,"57":0,"58":0,"59":0,"60":2,"61":2,"62":2,"63":1,"64":2,"65":2,"66":2,"67":2,"68":0,"69":0,"70":0,"71":0,"72":0,"73":0,"74":0,"75":0,"76":0,"77":0,"78":0,"79":0,"80":0,"81":0,"82":0,"83":0,"84":0,"85":0,"86":0,"87":2,"88":2,"89":2,"90":2},"f":{"0":0,"1":0,"2":0,"3":0,"4":0,"5":1,"6":0,"7":0,"8":0,"9":0,"10":0,"11":0,"12":0,"13":2,"14":2,"15":8,"16":8,"17":8,"18":8,"19":8,"20":2,"21":2,"22":0,"23":0,"24":2},"b":{"0":[0,0],"1":[0,0],"2":[0,0],"3":[0,0],"4":[0,0],"5":[0,0],"6":[0,0,0],"7":[0,0],"8":[0,0],"9":[2,0],"10":[0,0],"11":[0,0],"12":[0,0],"13":[0,0],"14":[0,0],"15":[0,0],"16":[0,0,0],"17":[0,0],"18":[0,0],"19":[0,0],"20":[0,2],"21":[0,2],"22":[0,2]},"meta":{"lastBranch":23,"lastFunction":25,"lastStatement":91,"seen":{"s:8:6:8:Infinity":0,"f:8:23:8:29":0,"s:8:29:8:Infinity":1,"s:9:6:9:Infinity":2,"f:9:23:9:29":1,"s:9:29:9:Infinity":3,"s:10:6:10:Infinity":4,"f:10:23:10:29":2,"s:10:29:10:Infinity":5,"s:11:6:11:Infinity":6,"f:11:21:11:27":3,"s:11:27:11:Infinity":7,"s:12:6:12:Infinity":8,"f:12:22:12:28":4,"s:12:28:12:Infinity":9,"s:13:6:13:Infinity":10,"f:13:19:13:25":5,"s:13:25:13:Infinity":11,"s:14:6:14:Infinity":12,"f:14:26:14:32":6,"s:14:32:14:Infinity":13,"s:15:6:15:Infinity":14,"f:15:24:15:30":7,"s:15:30:15:Infinity":15,"s:16:6:16:Infinity":16,"f:16:21:16:27":8,"s:16:27:16:Infinity":17,"s:17:6:17:Infinity":18,"f:17:21:17:27":9,"s:17:27:17:Infinity":19,"s:18:6:18:Infinity":20,"f:18:20:18:26":10,"s:18:26:18:Infinity":21,"s:19:6:19:Infinity":22,"f:19:22:19:28":11,"s:19:28:19:Infinity":23,"s:20:6:20:Infinity":24,"f:20:30:20:36":12,"s:20:36:20:Infinity":25,"s:22:19:26:Infinity":26,"f:22:19:22:Infinity":13,"s:23:2:26:Infinity":27,"f:31:9:31:15":14,"s:32:8:32:Infinity":28,"f:32:31:32:32":15,"s:32:38:32:47":29,"s:33:8:33:Infinity":30,"f:33:31:33:32":16,"s:33:38:33:47":31,"s:34:8:34:Infinity":32,"f:34:34:34:35":17,"s:34:41:34:53":33,"s:35:8:35:Infinity":34,"f:35:28:35:29":18,"s:35:35:35:41":35,"s:36:8:36:Infinity":36,"f:36:28:36:29":19,"s:36:35:36:41":37,"s:38:2:132:Infinity":38,"f:38:12:38:18":20,"s:39:18:39:Infinity":39,"f:41:19:41:33":21,"s:42:6:86:Infinity":40,"s:43:45:43:Infinity":41,"b:45:8:56:Infinity:undefined:undefined:undefined:undefined":0,"s:45:8:56:Infinity":42,"s:46:10:46:Infinity":43,"s:48:10:48:Infinity":44,"s:49:10:49:Infinity":45,"f:49:46:49:52":22,"b:50:10:54:Infinity:undefined:undefined:undefined:undefined":1,"s:50:10:54:Infinity":46,"s:51:12:51:Infinity":47,"s:52:12:52:Infinity":48,"s:53:12:53:Infinity":49,"s:55:10:55:Infinity":50,"b:58:8:60:Infinity:undefined:undefined:undefined:undefined":2,"s:58:8:60:Infinity":51,"s:59:10:59:Infinity":52,"b:59:18:59:35:59:35:59:39":3,"b:62:8:76:Infinity:undefined:undefined:undefined:undefined":4,"s:62:8:76:Infinity":53,"s:63:46:67:Infinity":54,"b:69:10:75:Infinity:71:10:75:Infinity":5,"s:69:10:75:Infinity":55,"b:69:14:69:29:69:29:69:37:69:37:69:46":6,"s:70:12:70:Infinity":56,"b:71:10:75:Infinity:undefined:undefined:undefined:undefined":7,"s:71:10:75:Infinity":57,"b:71:21:71:35:71:35:71:44":8,"s:72:13:72:Infinity":58,"s:74:13:74:Infinity":59,"s:78:8:78:Infinity":60,"s:79:8:83:Infinity":61,"s:80:12:80:Infinity":62,"s:82:12:82:Infinity":63,"b:85:8:85:Infinity:undefined:undefined:undefined:undefined":9,"s:85:8:85:Infinity":64,"s:85:21:85:Infinity":65,"s:89:4:89:Infinity":66,"s:94:8:126:Infinity":67,"f:94:40:94:47":23,"b:95:6:95:Infinity:undefined:undefined:undefined:undefined":10,"s:95:6:95:Infinity":68,"s:95:20:95:Infinity":69,"b:97:6:103:Infinity:undefined:undefined:undefined:undefined":11,"s:97:6:103:Infinity":70,"b:97:10:97:36:97:36:97:46":12,"s:98:8:98:Infinity":71,"s:99:8:99:Infinity":72,"s:101:8:101:Infinity":73,"s:102:8:102:Infinity":74,"s:105:6:125:Infinity":75,"s:106:8:106:Infinity":76,"b:106:16:106:33:106:33:106:37":13,"b:107:8:120:Infinity:undefined:undefined:undefined:undefined":14,"s:107:8:120:Infinity":77,"s:108:34:112:Infinity":78,"b:114:10:119:Infinity:116:10:119:Infinity":15,"s:114:10:119:Infinity":79,"b:114:14:114:24:114:24:114:32:114:32:114:41":16,"s:115:12:115:Infinity":80,"b:116:10:119:Infinity:undefined:undefined:undefined:undefined":17,"s:116:10:119:Infinity":81,"b:116:21:116:30:116:30:116:39":18,"s:117:13:117:Infinity":82,"s:118:13:118:Infinity":83,"s:122:8:122:Infinity":84,"b:124:8:124:Infinity:undefined:undefined:undefined:undefined":19,"s:124:8:124:Infinity":85,"s:124:21:124:Infinity":86,"s:128:4:131:Infinity":87,"f:128:11:128:17":24,"s:129:6:129:Infinity":88,"s:130:6:130:Infinity":89,"s:134:2:167:Infinity":90,"b:140:28:140:58:140:58:140:Infinity":20,"b:145:75:145:98:145:98:145:113":21,"b:146:87:146:110:146:110:146:139":22}}}
,"C:\\Users\\leoma\\OneDrive\\Desktop\\Apps\\Soclean Coordinación\\src\\components\\clientes\\ClienteForm.tsx": {"path":"C:\\Users\\leoma\\OneDrive\\Desktop\\Apps\\Soclean Coordinación\\src\\components\\clientes\\ClienteForm.tsx","statementMap":{"0":{"start":{"line":34,"column":41},"end":{"line":34,"column":null}},"1":{"start":{"line":36,"column":10},"end":{"line":50,"column":null}},"2":{"start":{"line":52,"column":4},"end":{"line":81,"column":null}},"3":{"start":{"line":53,"column":8},"end":{"line":80,"column":null}},"4":{"start":{"line":54,"column":12},"end":{"line":66,"column":null}},"5":{"start":{"line":68,"column":12},"end":{"line":79,"column":null}},"6":{"start":{"line":83,"column":21},"end":{"line":104,"column":null}},"7":{"start":{"line":84,"column":26},"end":{"line":84,"column":null}},"8":{"start":{"line":85,"column":26},"end":{"line":85,"column":null}},"9":{"start":{"line":87,"column":8},"end":{"line":103,"column":null}},"10":{"start":{"line":88,"column":12},"end":{"line":96,"column":null}},"11":{"start":{"line":89,"column":16},"end":{"line":89,"column":null}},"12":{"start":{"line":90,"column":16},"end":{"line":90,"column":null}},"13":{"start":{"line":91,"column":16},"end":{"line":91,"column":null}},"14":{"start":{"line":93,"column":16},"end":{"line":93,"column":null}},"15":{"start":{"line":94,"column":16},"end":{"line":94,"column":null}},"16":{"start":{"line":95,"column":16},"end":{"line":95,"column":null}},"17":{"start":{"line":97,"column":12},"end":{"line":97,"column":null}},"18":{"start":{"line":99,"column":12},"end":{"line":99,"column":null}},"19":{"start":{"line":100,"column":24},"end":{"line":100,"column":null}},"20":{"start":{"line":101,"column":12},"end":{"line":101,"column":null}},"21":{"start":{"line":102,"column":12},"end":{"line":102,"column":null}},"22":{"start":{"line":106,"column":4},"end":{"line":291,"column":null}},"23":{"start":{"line":118,"column":28},"end":{"line":124,"column":null}},"24":{"start":{"line":132,"column":28},"end":{"line":138,"column":null}},"25":{"start":{"line":146,"column":28},"end":{"line":152,"column":null}},"26":{"start":{"line":160,"column":28},"end":{"line":174,"column":null}},"27":{"start":{"line":186,"column":28},"end":{"line":202,"column":null}},"28":{"start":{"line":210,"column":28},"end":{"line":216,"column":null}},"29":{"start":{"line":228,"column":28},"end":{"line":234,"column":null}},"30":{"start":{"line":242,"column":28},"end":{"line":248,"column":null}},"31":{"start":{"line":256,"column":28},"end":{"line":262,"column":null}},"32":{"start":{"line":270,"column":28},"end":{"line":276,"column":null}}},"fnMap":{"0":{"name":"ClienteForm","decl":{"start":{"line":33,"column":16},"end":{"line":33,"column":28}},"loc":{"start":{"line":33,"column":86},"end":{"line":293,"column":null}},"line":33},"1":{"name":"(anonymous_1)","decl":{"start":{"line":52,"column":14},"end":{"line":52,"column":20}},"loc":{"start":{"line":52,"column":20},"end":{"line":81,"column":7}},"line":52},"2":{"name":"(anonymous_2)","decl":{"start":{"line":83,"column":21},"end":{"line":83,"column":28}},"loc":{"start":{"line":83,"column":54},"end":{"line":104,"column":null}},"line":83},"3":{"name":"(anonymous_3)","decl":{"start":{"line":117,"column":32},"end":{"line":117,"column":33}},"loc":{"start":{"line":118,"column":28},"end":{"line":124,"column":null}},"line":118},"4":{"name":"(anonymous_4)","decl":{"start":{"line":131,"column":32},"end":{"line":131,"column":33}},"loc":{"start":{"line":132,"column":28},"end":{"line":138,"column":null}},"line":132},"5":{"name":"(anonymous_5)","decl":{"start":{"line":145,"column":32},"end":{"line":145,"column":33}},"loc":{"start":{"line":146,"column":28},"end":{"line":152,"column":null}},"line":146},"6":{"name":"(anonymous_6)","decl":{"start":{"line":159,"column":32},"end":{"line":159,"column":33}},"loc":{"start":{"line":160,"column":28},"end":{"line":174,"column":null}},"line":160},"7":{"name":"(anonymous_7)","decl":{"start":{"line":185,"column":32},"end":{"line":185,"column":33}},"loc":{"start":{"line":186,"column":28},"end":{"line":202,"column":null}},"line":186},"8":{"name":"(anonymous_8)","decl":{"start":{"line":209,"column":32},"end":{"line":209,"column":33}},"loc":{"start":{"line":210,"column":28},"end":{"line":216,"column":null}},"line":210},"9":{"name":"(anonymous_9)","decl":{"start":{"line":227,"column":32},"end":{"line":227,"column":33}},"loc":{"start":{"line":228,"column":28},"end":{"line":234,"column":null}},"line":228},"10":{"name":"(anonymous_10)","decl":{"start":{"line":241,"column":32},"end":{"line":241,"column":33}},"loc":{"start":{"line":242,"column":28},"end":{"line":248,"column":null}},"line":242},"11":{"name":"(anonymous_11)","decl":{"start":{"line":255,"column":32},"end":{"line":255,"column":33}},"loc":{"start":{"line":256,"column":28},"end":{"line":262,"column":null}},"line":256},"12":{"name":"(anonymous_12)","decl":{"start":{"line":269,"column":32},"end":{"line":269,"column":33}},"loc":{"start":{"line":270,"column":28},"end":{"line":276,"column":null}},"line":270}},"branchMap":{"0":{"loc":{"start":{"line":53,"column":8},"end":{"line":80,"column":null}},"type":"if","locations":[{"start":{"line":53,"column":8},"end":{"line":80,"column":null}},{"start":{"line":67,"column":15},"end":{"line":80,"column":null}}],"line":53},"1":{"loc":{"start":{"line":56,"column":30},"end":{"line":56,"column":null}},"type":"binary-expr","locations":[{"start":{"line":56,"column":30},"end":{"line":56,"column":60}},{"start":{"line":56,"column":60},"end":{"line":56,"column":null}}],"line":56},"2":{"loc":{"start":{"line":57,"column":33},"end":{"line":57,"column":null}},"type":"binary-expr","locations":[{"start":{"line":57,"column":33},"end":{"line":57,"column":66}},{"start":{"line":57,"column":66},"end":{"line":57,"column":null}}],"line":57},"3":{"loc":{"start":{"line":58,"column":21},"end":{"line":58,"column":null}},"type":"binary-expr","locations":[{"start":{"line":58,"column":21},"end":{"line":58,"column":42}},{"start":{"line":58,"column":42},"end":{"line":58,"column":null}}],"line":58},"4":{"loc":{"start":{"line":59,"column":27},"end":{"line":59,"column":null}},"type":"binary-expr","locations":[{"start":{"line":59,"column":27},"end":{"line":59,"column":54}},{"start":{"line":59,"column":54},"end":{"line":59,"column":null}}],"line":59},"5":{"loc":{"start":{"line":60,"column":26},"end":{"line":60,"column":null}},"type":"binary-expr","locations":[{"start":{"line":60,"column":26},"end":{"line":60,"column":52}},{"start":{"line":60,"column":52},"end":{"line":60,"column":null}}],"line":60},"6":{"loc":{"start":{"line":61,"column":23},"end":{"line":61,"column":null}},"type":"binary-expr","locations":[{"start":{"line":61,"column":23},"end":{"line":61,"column":46}},{"start":{"line":61,"column":46},"end":{"line":61,"column":null}}],"line":61},"7":{"loc":{"start":{"line":62,"column":36},"end":{"line":62,"column":null}},"type":"binary-expr","locations":[{"start":{"line":62,"column":36},"end":{"line":62,"column":72}},{"start":{"line":62,"column":72},"end":{"line":62,"column":null}}],"line":62},"8":{"loc":{"start":{"line":63,"column":35},"end":{"line":63,"column":null}},"type":"binary-expr","locations":[{"start":{"line":63,"column":35},"end":{"line":63,"column":70}},{"start":{"line":63,"column":70},"end":{"line":63,"column":null}}],"line":63},"9":{"loc":{"start":{"line":64,"column":31},"end":{"line":64,"column":null}},"type":"binary-expr","locations":[{"start":{"line":64,"column":31},"end":{"line":64,"column":62}},{"start":{"line":64,"column":62},"end":{"line":64,"column":null}}],"line":64},"10":{"loc":{"start":{"line":65,"column":25},"end":{"line":65,"column":null}},"type":"binary-expr","locations":[{"start":{"line":65,"column":25},"end":{"line":65,"column":75}},{"start":{"line":65,"column":75},"end":{"line":65,"column":null}}],"line":65},"11":{"loc":{"start":{"line":85,"column":40},"end":{"line":85,"column":104}},"type":"cond-expr","locations":[{"start":{"line":85,"column":52},"end":{"line":85,"column":80}},{"start":{"line":85,"column":80},"end":{"line":85,"column":104}}],"line":85},"12":{"loc":{"start":{"line":88,"column":12},"end":{"line":96,"column":null}},"type":"if","locations":[{"start":{"line":88,"column":12},"end":{"line":96,"column":null}},{"start":{"line":92,"column":19},"end":{"line":96,"column":null}}],"line":88},"13":{"loc":{"start":{"line":102,"column":51},"end":{"line":102,"column":101}},"type":"binary-expr","locations":[{"start":{"line":102,"column":51},"end":{"line":102,"column":66}},{"start":{"line":102,"column":66},"end":{"line":102,"column":101}}],"line":102},"14":{"loc":{"start":{"line":188,"column":85},"end":{"line":188,"column":111}},"type":"binary-expr","locations":[{"start":{"line":188,"column":85},"end":{"line":188,"column":100}},{"start":{"line":188,"column":100},"end":{"line":188,"column":111}}],"line":188},"15":{"loc":{"start":{"line":188,"column":118},"end":{"line":188,"column":null}},"type":"binary-expr","locations":[{"start":{"line":188,"column":118},"end":{"line":188,"column":133}},{"start":{"line":188,"column":133},"end":{"line":188,"column":null}}],"line":188},"16":{"loc":{"start":{"line":287,"column":25},"end":{"line":287,"column":null}},"type":"cond-expr","locations":[{"start":{"line":287,"column":41},"end":{"line":287,"column":64}},{"start":{"line":287,"column":64},"end":{"line":287,"column":null}}],"line":287}},"s":{"0":23,"1":23,"2":23,"3":5,"4":2,"5":3,"6":23,"7":2,"8":2,"9":2,"10":2,"11":1,"12":1,"13":1,"14":1,"15":1,"16":1,"17":2,"18":0,"19":0,"20":0,"21":0,"22":23,"23":38,"24":26,"25":41,"26":26,"27":26,"28":26,"29":39,"30":26,"31":26,"32":26},"f":{"0":23,"1":5,"2":2,"3":38,"4":26,"5":41,"6":26,"7":26,"8":26,"9":39,"10":26,"11":26,"12":26},"b":{"0":[2,3],"1":[2,0],"2":[2,2],"3":[2,0],"4":[2,0],"5":[2,2],"6":[2,2],"7":[2,2],"8":[2,2],"9":[2,2],"10":[2,0],"11":[1,1],"12":[1,1],"13":[0,0],"14":[26,26],"15":[26,26],"16":[8,15]},"meta":{"lastBranch":17,"lastFunction":13,"lastStatement":33,"seen":{"f:33:16:33:28":0,"s:34:41:34:Infinity":0,"s:36:10:50:Infinity":1,"s:52:4:81:Infinity":2,"f:52:14:52:20":1,"b:53:8:80:Infinity:67:15:80:Infinity":0,"s:53:8:80:Infinity":3,"s:54:12:66:Infinity":4,"b:56:30:56:60:56:60:56:Infinity":1,"b:57:33:57:66:57:66:57:Infinity":2,"b:58:21:58:42:58:42:58:Infinity":3,"b:59:27:59:54:59:54:59:Infinity":4,"b:60:26:60:52:60:52:60:Infinity":5,"b:61:23:61:46:61:46:61:Infinity":6,"b:62:36:62:72:62:72:62:Infinity":7,"b:63:35:63:70:63:70:63:Infinity":8,"b:64:31:64:62:64:62:64:Infinity":9,"b:65:25:65:75:65:75:65:Infinity":10,"s:68:12:79:Infinity":5,"s:83:21:104:Infinity":6,"f:83:21:83:28":2,"s:84:26:84:Infinity":7,"s:85:26:85:Infinity":8,"b:85:52:85:80:85:80:85:104":11,"s:87:8:103:Infinity":9,"b:88:12:96:Infinity:92:19:96:Infinity":12,"s:88:12:96:Infinity":10,"s:89:16:89:Infinity":11,"s:90:16:90:Infinity":12,"s:91:16:91:Infinity":13,"s:93:16:93:Infinity":14,"s:94:16:94:Infinity":15,"s:95:16:95:Infinity":16,"s:97:12:97:Infinity":17,"s:99:12:99:Infinity":18,"s:100:24:100:Infinity":19,"s:101:12:101:Infinity":20,"s:102:12:102:Infinity":21,"b:102:51:102:66:102:66:102:101":13,"s:106:4:291:Infinity":22,"f:117:32:117:33":3,"s:118:28:124:Infinity":23,"f:131:32:131:33":4,"s:132:28:138:Infinity":24,"f:145:32:145:33":5,"s:146:28:152:Infinity":25,"f:159:32:159:33":6,"s:160:28:174:Infinity":26,"f:185:32:185:33":7,"s:186:28:202:Infinity":27,"b:188:85:188:100:188:100:188:111":14,"b:188:118:188:133:188:133:188:Infinity":15,"f:209:32:209:33":8,"s:210:28:216:Infinity":28,"f:227:32:227:33":9,"s:228:28:234:Infinity":29,"f:241:32:241:33":10,"s:242:28:248:Infinity":30,"f:255:32:255:33":11,"s:256:28:262:Infinity":31,"f:269:32:269:33":12,"s:270:28:276:Infinity":32,"b:287:41:287:64:287:64:287:Infinity":16}}}
,"C:\\Users\\leoma\\OneDrive\\Desktop\\Apps\\Soclean Coordinación\\src\\components\\clientes\\ClienteFormDialog.tsx": {"path":"C:\\Users\\leoma\\OneDrive\\Desktop\\Apps\\Soclean Coordinación\\src\\components\\clientes\\ClienteFormDialog.tsx","statementMap":{"0":{"start":{"line":17,"column":4},"end":{"line":30,"column":null}},"1":{"start":{"line":26,"column":37},"end":{"line":26,"column":null}},"2":{"start":{"line":27,"column":36},"end":{"line":27,"column":null}}},"fnMap":{"0":{"name":"ClienteFormDialog","decl":{"start":{"line":16,"column":16},"end":{"line":16,"column":34}},"loc":{"start":{"line":16,"column":80},"end":{"line":32,"column":null}},"line":16},"1":{"name":"(anonymous_1)","decl":{"start":{"line":26,"column":31},"end":{"line":26,"column":37}},"loc":{"start":{"line":26,"column":37},"end":{"line":26,"column":null}},"line":26},"2":{"name":"(anonymous_2)","decl":{"start":{"line":27,"column":30},"end":{"line":27,"column":36}},"loc":{"start":{"line":27,"column":36},"end":{"line":27,"column":null}},"line":27}},"branchMap":{"0":{"loc":{"start":{"line":21,"column":34},"end":{"line":21,"column":112}},"type":"cond-expr","locations":[{"start":{"line":21,"column":50},"end":{"line":21,"column":69}},{"start":{"line":21,"column":69},"end":{"line":21,"column":112}}],"line":21}},"s":{"0":5,"1":2,"2":0},"f":{"0":5,"1":2,"2":0},"b":{"0":[2,3]},"meta":{"lastBranch":1,"lastFunction":3,"lastStatement":3,"seen":{"f:16:16:16:34":0,"s:17:4:30:Infinity":0,"b:21:50:21:69:21:69:21:112":0,"f:26:31:26:37":1,"s:26:37:26:Infinity":1,"f:27:30:27:36":2,"s:27:36:27:Infinity":2}}}
,"C:\\Users\\leoma\\OneDrive\\Desktop\\Apps\\Soclean Coordinación\\src\\components\\layout\\DashboardLayout.tsx": {"path":"C:\\Users\\leoma\\OneDrive\\Desktop\\Apps\\Soclean Coordinación\\src\\components\\layout\\DashboardLayout.tsx","statementMap":{"0":{"start":{"line":7,"column":10},"end":{"line":7,"column":null}},"1":{"start":{"line":7,"column":35},"end":{"line":7,"column":41}},"2":{"start":{"line":9,"column":4},"end":{"line":18,"column":null}},"3":{"start":{"line":10,"column":8},"end":{"line":16,"column":null}},"4":{"start":{"line":19,"column":4},"end":{"line":30,"column":null}}},"fnMap":{"0":{"name":"DashboardLayout","decl":{"start":{"line":6,"column":16},"end":{"line":6,"column":34}},"loc":{"start":{"line":6,"column":34},"end":{"line":32,"column":null}},"line":6},"1":{"name":"(anonymous_1)","decl":{"start":{"line":7,"column":30},"end":{"line":7,"column":35}},"loc":{"start":{"line":7,"column":35},"end":{"line":7,"column":41}},"line":7}},"branchMap":{"0":{"loc":{"start":{"line":9,"column":4},"end":{"line":18,"column":null}},"type":"if","locations":[{"start":{"line":9,"column":4},"end":{"line":18,"column":null}},{"start":{},"end":{}}],"line":9}},"s":{"0":0,"1":0,"2":0,"3":0,"4":0},"f":{"0":0,"1":0},"b":{"0":[0,0]},"meta":{"lastBranch":1,"lastFunction":2,"lastStatement":5,"seen":{"f:6:16:6:34":0,"s:7:10:7:Infinity":0,"f:7:30:7:35":1,"s:7:35:7:41":1,"b:9:4:18:Infinity:undefined:undefined:undefined:undefined":0,"s:9:4:18:Infinity":2,"s:10:8:16:Infinity":3,"s:19:4:30:Infinity":4}}}
,"C:\\Users\\leoma\\OneDrive\\Desktop\\Apps\\Soclean Coordinación\\src\\components\\layout\\Header.tsx": {"path":"C:\\Users\\leoma\\OneDrive\\Desktop\\Apps\\Soclean Coordinación\\src\\components\\layout\\Header.tsx","statementMap":{"0":{"start":{"line":22,"column":10},"end":{"line":22,"column":null}},"1":{"start":{"line":24,"column":26},"end":{"line":27,"column":null}},"2":{"start":{"line":25,"column":8},"end":{"line":25,"column":null}},"3":{"start":{"line":26,"column":8},"end":{"line":26,"column":null}},"4":{"start":{"line":29,"column":4},"end":{"line":77,"column":null}},"5":{"start":{"line":69,"column":88},"end":{"line":69,"column":116}},"6":{"start":{"line":70,"column":88},"end":{"line":70,"column":140}}},"fnMap":{"0":{"name":"Header","decl":{"start":{"line":21,"column":16},"end":{"line":21,"column":23}},"loc":{"start":{"line":21,"column":62},"end":{"line":79,"column":null}},"line":21},"1":{"name":"(anonymous_1)","decl":{"start":{"line":24,"column":26},"end":{"line":24,"column":38}},"loc":{"start":{"line":24,"column":38},"end":{"line":27,"column":null}},"line":24},"2":{"name":"(anonymous_2)","decl":{"start":{"line":69,"column":82},"end":{"line":69,"column":88}},"loc":{"start":{"line":69,"column":88},"end":{"line":69,"column":116}},"line":69},"3":{"name":"(anonymous_3)","decl":{"start":{"line":70,"column":82},"end":{"line":70,"column":88}},"loc":{"start":{"line":70,"column":88},"end":{"line":70,"column":140}},"line":70}},"branchMap":{"0":{"loc":{"start":{"line":21,"column":25},"end":{"line":21,"column":46}},"type":"default-arg","locations":[{"start":{"line":21,"column":40},"end":{"line":21,"column":46}}],"line":21},"1":{"loc":{"start":{"line":34,"column":21},"end":{"line":46,"column":null}},"type":"binary-expr","locations":[{"start":{"line":34,"column":21},"end":{"line":34,"column":null}},{"start":{"line":35,"column":24},"end":{"line":46,"column":null}}],"line":34},"2":{"loc":{"start":{"line":51,"column":25},"end":{"line":51,"column":null}},"type":"cond-expr","locations":[{"start":{"line":51,"column":40},"end":{"line":51,"column":61}},{"start":{"line":51,"column":61},"end":{"line":51,"column":null}}],"line":51}},"s":{"0":0,"1":0,"2":0,"3":0,"4":0,"5":0,"6":0},"f":{"0":0,"1":0,"2":0,"3":0},"b":{"0":[0],"1":[0,0],"2":[0,0]},"meta":{"lastBranch":3,"lastFunction":4,"lastStatement":7,"seen":{"f:21:16:21:23":0,"b:21:40:21:46":0,"s:22:10:22:Infinity":0,"s:24:26:27:Infinity":1,"f:24:26:24:38":1,"s:25:8:25:Infinity":2,"s:26:8:26:Infinity":3,"s:29:4:77:Infinity":4,"b:34:21:34:Infinity:35:24:46:Infinity":1,"b:51:40:51:61:51:61:51:Infinity":2,"f:69:82:69:88":2,"s:69:88:69:116":5,"f:70:82:70:88":3,"s:70:88:70:140":6}}}
,"C:\\Users\\leoma\\OneDrive\\Desktop\\Apps\\Soclean Coordinación\\src\\components\\layout\\NotificationDropdown.tsx": {"path":"C:\\Users\\leoma\\OneDrive\\Desktop\\Apps\\Soclean Coordinación\\src\\components\\layout\\NotificationDropdown.tsx","statementMap":{"0":{"start":{"line":25,"column":42},"end":{"line":25,"column":null}},"1":{"start":{"line":26,"column":38},"end":{"line":26,"column":null}},"2":{"start":{"line":28,"column":31},"end":{"line":45,"column":null}},"3":{"start":{"line":29,"column":8},"end":{"line":44,"column":null}},"4":{"start":{"line":31,"column":36},"end":{"line":35,"column":null}},"5":{"start":{"line":37,"column":12},"end":{"line":41,"column":null}},"6":{"start":{"line":38,"column":16},"end":{"line":38,"column":null}},"7":{"start":{"line":40,"column":16},"end":{"line":40,"column":null}},"8":{"start":{"line":43,"column":12},"end":{"line":43,"column":null}},"9":{"start":{"line":47,"column":4},"end":{"line":62,"column":null}},"10":{"start":{"line":48,"column":8},"end":{"line":48,"column":null}},"11":{"start":{"line":51,"column":24},"end":{"line":57,"column":null}},"12":{"start":{"line":54,"column":16},"end":{"line":54,"column":null}},"13":{"start":{"line":54,"column":43},"end":{"line":54,"column":89}},"14":{"start":{"line":55,"column":16},"end":{"line":55,"column":null}},"15":{"start":{"line":55,"column":41},"end":{"line":55,"column":49}},"16":{"start":{"line":59,"column":8},"end":{"line":61,"column":null}},"17":{"start":{"line":60,"column":12},"end":{"line":60,"column":null}},"18":{"start":{"line":64,"column":23},"end":{"line":66,"column":null}},"19":{"start":{"line":65,"column":8},"end":{"line":65,"column":null}},"20":{"start":{"line":68,"column":20},"end":{"line":73,"column":null}},"21":{"start":{"line":69,"column":8},"end":{"line":69,"column":null}},"22":{"start":{"line":69,"column":33},"end":{"line":69,"column":null}},"23":{"start":{"line":70,"column":8},"end":{"line":70,"column":null}},"24":{"start":{"line":70,"column":38},"end":{"line":70,"column":null}},"25":{"start":{"line":71,"column":8},"end":{"line":71,"column":null}},"26":{"start":{"line":71,"column":60},"end":{"line":71,"column":null}},"27":{"start":{"line":72,"column":8},"end":{"line":72,"column":null}},"28":{"start":{"line":75,"column":23},"end":{"line":78,"column":null}},"29":{"start":{"line":76,"column":27},"end":{"line":76,"column":null}},"30":{"start":{"line":77,"column":8},"end":{"line":77,"column":null}},"31":{"start":{"line":80,"column":4},"end":{"line":130,"column":null}},"32":{"start":{"line":81,"column":48},"end":{"line":81,"column":72}},"33":{"start":{"line":81,"column":58},"end":{"line":81,"column":72}},"34":{"start":{"line":111,"column":28},"end":{"line":121,"column":null}}},"fnMap":{"0":{"name":"NotificationDropdown","decl":{"start":{"line":24,"column":16},"end":{"line":24,"column":39}},"loc":{"start":{"line":24,"column":39},"end":{"line":132,"column":null}},"line":24},"1":{"name":"(anonymous_1)","decl":{"start":{"line":28,"column":31},"end":{"line":28,"column":43}},"loc":{"start":{"line":28,"column":43},"end":{"line":45,"column":null}},"line":28},"2":{"name":"(anonymous_2)","decl":{"start":{"line":47,"column":14},"end":{"line":47,"column":20}},"loc":{"start":{"line":47,"column":20},"end":{"line":62,"column":7}},"line":47},"3":{"name":"(anonymous_3)","decl":{"start":{"line":53,"column":96},"end":{"line":53,"column":97}},"loc":{"start":{"line":53,"column":109},"end":{"line":56,"column":13}},"line":53},"4":{"name":"(anonymous_4)","decl":{"start":{"line":54,"column":33},"end":{"line":54,"column":34}},"loc":{"start":{"line":54,"column":43},"end":{"line":54,"column":89}},"line":54},"5":{"name":"(anonymous_5)","decl":{"start":{"line":55,"column":31},"end":{"line":55,"column":32}},"loc":{"start":{"line":55,"column":41},"end":{"line":55,"column":49}},"line":55},"6":{"name":"(anonymous_6)","decl":{"start":{"line":59,"column":15},"end":{"line":59,"column":21}},"loc":{"start":{"line":59,"column":21},"end":{"line":61,"column":null}},"line":59},"7":{"name":"(anonymous_7)","decl":{"start":{"line":64,"column":23},"end":{"line":64,"column":29}},"loc":{"start":{"line":64,"column":29},"end":{"line":66,"column":null}},"line":64},"8":{"name":"(anonymous_8)","decl":{"start":{"line":68,"column":20},"end":{"line":68,"column":21}},"loc":{"start":{"line":68,"column":55},"end":{"line":73,"column":null}},"line":68},"9":{"name":"(anonymous_9)","decl":{"start":{"line":75,"column":23},"end":{"line":75,"column":24}},"loc":{"start":{"line":75,"column":58},"end":{"line":78,"column":null}},"line":75},"10":{"name":"(anonymous_10)","decl":{"start":{"line":81,"column":36},"end":{"line":81,"column":37}},"loc":{"start":{"line":81,"column":46},"end":{"line":81,"column":null}},"line":81},"11":{"name":"(anonymous_11)","decl":{"start":{"line":110,"column":43},"end":{"line":110,"column":44}},"loc":{"start":{"line":111,"column":28},"end":{"line":121,"column":null}},"line":111}},"branchMap":{"0":{"loc":{"start":{"line":37,"column":12},"end":{"line":41,"column":null}},"type":"if","locations":[{"start":{"line":37,"column":12},"end":{"line":41,"column":null}},{"start":{},"end":{}}],"line":37},"1":{"loc":{"start":{"line":37,"column":16},"end":{"line":37,"column":32}},"type":"binary-expr","locations":[{"start":{"line":37,"column":16},"end":{"line":37,"column":26}},{"start":{"line":37,"column":26},"end":{"line":37,"column":32}}],"line":37},"2":{"loc":{"start":{"line":69,"column":8},"end":{"line":69,"column":null}},"type":"if","locations":[{"start":{"line":69,"column":8},"end":{"line":69,"column":null}},{"start":{},"end":{}}],"line":69},"3":{"loc":{"start":{"line":70,"column":8},"end":{"line":70,"column":null}},"type":"if","locations":[{"start":{"line":70,"column":8},"end":{"line":70,"column":null}},{"start":{},"end":{}}],"line":70},"4":{"loc":{"start":{"line":71,"column":8},"end":{"line":71,"column":null}},"type":"if","locations":[{"start":{"line":71,"column":8},"end":{"line":71,"column":null}},{"start":{},"end":{}}],"line":71},"5":{"loc":{"start":{"line":71,"column":12},"end":{"line":71,"column":60}},"type":"binary-expr","locations":[{"start":{"line":71,"column":12},"end":{"line":71,"column":36}},{"start":{"line":71,"column":36},"end":{"line":71,"column":60}}],"line":71},"6":{"loc":{"start":{"line":76,"column":27},"end":{"line":76,"column":null}},"type":"cond-expr","locations":[{"start":{"line":76,"column":49},"end":{"line":76,"column":71}},{"start":{"line":76,"column":71},"end":{"line":76,"column":null}}],"line":76},"7":{"loc":{"start":{"line":76,"column":71},"end":{"line":76,"column":null}},"type":"cond-expr","locations":[{"start":{"line":76,"column":93},"end":{"line":76,"column":114}},{"start":{"line":76,"column":114},"end":{"line":76,"column":null}}],"line":76},"8":{"loc":{"start":{"line":81,"column":48},"end":{"line":81,"column":72}},"type":"if","locations":[{"start":{"line":81,"column":48},"end":{"line":81,"column":72}},{"start":{},"end":{}}],"line":81},"9":{"loc":{"start":{"line":90,"column":21},"end":{"line":93,"column":null}},"type":"binary-expr","locations":[{"start":{"line":90,"column":21},"end":{"line":90,"column":null}},{"start":{"line":91,"column":24},"end":{"line":93,"column":null}}],"line":90},"10":{"loc":{"start":{"line":100,"column":21},"end":{"line":100,"column":null}},"type":"binary-expr","locations":[{"start":{"line":100,"column":21},"end":{"line":100,"column":40}},{"start":{"line":100,"column":40},"end":{"line":100,"column":null}}],"line":100},"11":{"loc":{"start":{"line":104,"column":17},"end":{"line":123,"column":null}},"type":"cond-expr","locations":[{"start":{"line":105,"column":20},"end":{"line":107,"column":null}},{"start":{"line":109,"column":20},"end":{"line":123,"column":null}}],"line":104}},"s":{"0":0,"1":0,"2":0,"3":0,"4":0,"5":0,"6":0,"7":0,"8":0,"9":0,"10":0,"11":0,"12":0,"13":0,"14":0,"15":0,"16":0,"17":0,"18":0,"19":0,"20":0,"21":0,"22":0,"23":0,"24":0,"25":0,"26":0,"27":0,"28":0,"29":0,"30":0,"31":0,"32":0,"33":0,"34":0},"f":{"0":0,"1":0,"2":0,"3":0,"4":0,"5":0,"6":0,"7":0,"8":0,"9":0,"10":0,"11":0},"b":{"0":[0,0],"1":[0,0],"2":[0,0],"3":[0,0],"4":[0,0],"5":[0,0],"6":[0,0],"7":[0,0],"8":[0,0],"9":[0,0],"10":[0,0],"11":[0,0]},"meta":{"lastBranch":12,"lastFunction":12,"lastStatement":35,"seen":{"f:24:16:24:39":0,"s:25:42:25:Infinity":0,"s:26:38:26:Infinity":1,"s:28:31:45:Infinity":2,"f:28:31:28:43":1,"s:29:8:44:Infinity":3,"s:31:36:35:Infinity":4,"b:37:12:41:Infinity:undefined:undefined:undefined:undefined":0,"s:37:12:41:Infinity":5,"b:37:16:37:26:37:26:37:32":1,"s:38:16:38:Infinity":6,"s:40:16:40:Infinity":7,"s:43:12:43:Infinity":8,"s:47:4:62:Infinity":9,"f:47:14:47:20":2,"s:48:8:48:Infinity":10,"s:51:24:57:Infinity":11,"f:53:96:53:97":3,"s:54:16:54:Infinity":12,"f:54:33:54:34":4,"s:54:43:54:89":13,"s:55:16:55:Infinity":14,"f:55:31:55:32":5,"s:55:41:55:49":15,"s:59:8:61:Infinity":16,"f:59:15:59:21":6,"s:60:12:60:Infinity":17,"s:64:23:66:Infinity":18,"f:64:23:64:29":7,"s:65:8:65:Infinity":19,"s:68:20:73:Infinity":20,"f:68:20:68:21":8,"b:69:8:69:Infinity:undefined:undefined:undefined:undefined":2,"s:69:8:69:Infinity":21,"s:69:33:69:Infinity":22,"b:70:8:70:Infinity:undefined:undefined:undefined:undefined":3,"s:70:8:70:Infinity":23,"s:70:38:70:Infinity":24,"b:71:8:71:Infinity:undefined:undefined:undefined:undefined":4,"s:71:8:71:Infinity":25,"b:71:12:71:36:71:36:71:60":5,"s:71:60:71:Infinity":26,"s:72:8:72:Infinity":27,"s:75:23:78:Infinity":28,"f:75:23:75:24":9,"s:76:27:76:Infinity":29,"b:76:49:76:71:76:71:76:Infinity":6,"b:76:93:76:114:76:114:76:Infinity":7,"s:77:8:77:Infinity":30,"s:80:4:130:Infinity":31,"f:81:36:81:37":10,"b:81:48:81:72:undefined:undefined:undefined:undefined":8,"s:81:48:81:72":32,"s:81:58:81:72":33,"b:90:21:90:Infinity:91:24:93:Infinity":9,"b:100:21:100:40:100:40:100:Infinity":10,"b:105:20:107:Infinity:109:20:123:Infinity":11,"f:110:43:110:44":11,"s:111:28:121:Infinity":34}}}
,"C:\\Users\\leoma\\OneDrive\\Desktop\\Apps\\Soclean Coordinación\\src\\components\\layout\\ProtectedRoute.tsx": {"path":"C:\\Users\\leoma\\OneDrive\\Desktop\\Apps\\Soclean Coordinación\\src\\components\\layout\\ProtectedRoute.tsx","statementMap":{"0":{"start":{"line":5,"column":28},"end":{"line":5,"column":null}},"1":{"start":{"line":7,"column":4},"end":{"line":17,"column":null}},"2":{"start":{"line":8,"column":8},"end":{"line":15,"column":null}},"3":{"start":{"line":19,"column":4},"end":{"line":21,"column":null}},"4":{"start":{"line":20,"column":8},"end":{"line":20,"column":null}},"5":{"start":{"line":23,"column":4},"end":{"line":23,"column":null}}},"fnMap":{"0":{"name":"ProtectedRoute","decl":{"start":{"line":4,"column":16},"end":{"line":4,"column":33}},"loc":{"start":{"line":4,"column":33},"end":{"line":24,"column":null}},"line":4}},"branchMap":{"0":{"loc":{"start":{"line":7,"column":4},"end":{"line":17,"column":null}},"type":"if","locations":[{"start":{"line":7,"column":4},"end":{"line":17,"column":null}},{"start":{},"end":{}}],"line":7},"1":{"loc":{"start":{"line":19,"column":4},"end":{"line":21,"column":null}},"type":"if","locations":[{"start":{"line":19,"column":4},"end":{"line":21,"column":null}},{"start":{},"end":{}}],"line":19}},"s":{"0":2,"1":2,"2":1,"3":1,"4":1,"5":0},"f":{"0":2},"b":{"0":[1,1],"1":[1,0]},"meta":{"lastBranch":2,"lastFunction":1,"lastStatement":6,"seen":{"f:4:16:4:33":0,"s:5:28:5:Infinity":0,"b:7:4:17:Infinity:undefined:undefined:undefined:undefined":0,"s:7:4:17:Infinity":1,"s:8:8:15:Infinity":2,"b:19:4:21:Infinity:undefined:undefined:undefined:undefined":1,"s:19:4:21:Infinity":3,"s:20:8:20:Infinity":4,"s:23:4:23:Infinity":5}}}
,"C:\\Users\\leoma\\OneDrive\\Desktop\\Apps\\Soclean Coordinación\\src\\components\\layout\\Sidebar.tsx": {"path":"C:\\Users\\leoma\\OneDrive\\Desktop\\Apps\\Soclean Coordinación\\src\\components\\layout\\Sidebar.tsx","statementMap":{"0":{"start":{"line":23,"column":34},"end":{"line":23,"column":null}},"1":{"start":{"line":24,"column":10},"end":{"line":24,"column":null}},"2":{"start":{"line":24,"column":35},"end":{"line":24,"column":41}},"3":{"start":{"line":27,"column":24},"end":{"line":27,"column":null}},"4":{"start":{"line":29,"column":22},"end":{"line":29,"column":null}},"5":{"start":{"line":31,"column":23},"end":{"line":45,"column":null}},"6":{"start":{"line":47,"column":4},"end":{"line":119,"column":null}},"7":{"start":{"line":65,"column":33},"end":{"line":65,"column":null}},"8":{"start":{"line":66,"column":20},"end":{"line":85,"column":null}},"9":{"start":{"line":70,"column":51},"end":{"line":76,"column":null}},"10":{"start":{"line":111,"column":39},"end":{"line":111,"column":null}}},"fnMap":{"0":{"name":"Sidebar","decl":{"start":{"line":22,"column":16},"end":{"line":22,"column":24}},"loc":{"start":{"line":22,"column":76},"end":{"line":121,"column":null}},"line":22},"1":{"name":"(anonymous_1)","decl":{"start":{"line":24,"column":30},"end":{"line":24,"column":35}},"loc":{"start":{"line":24,"column":35},"end":{"line":24,"column":41}},"line":24},"2":{"name":"(anonymous_2)","decl":{"start":{"line":64,"column":32},"end":{"line":64,"column":33}},"loc":{"start":{"line":64,"column":42},"end":{"line":87,"column":17}},"line":64},"3":{"name":"(anonymous_3)","decl":{"start":{"line":70,"column":39},"end":{"line":70,"column":40}},"loc":{"start":{"line":70,"column":51},"end":{"line":76,"column":null}},"line":70},"4":{"name":"(anonymous_4)","decl":{"start":{"line":111,"column":33},"end":{"line":111,"column":39}},"loc":{"start":{"line":111,"column":39},"end":{"line":111,"column":null}},"line":111}},"branchMap":{"0":{"loc":{"start":{"line":22,"column":26},"end":{"line":22,"column":46}},"type":"default-arg","locations":[{"start":{"line":22,"column":40},"end":{"line":22,"column":46}}],"line":22},"1":{"loc":{"start":{"line":27,"column":24},"end":{"line":27,"column":null}},"type":"cond-expr","locations":[{"start":{"line":27,"column":38},"end":{"line":27,"column":46}},{"start":{"line":27,"column":46},"end":{"line":27,"column":null}}],"line":27},"2":{"loc":{"start":{"line":29,"column":22},"end":{"line":29,"column":null}},"type":"binary-expr","locations":[{"start":{"line":29,"column":22},"end":{"line":29,"column":47}},{"start":{"line":29,"column":47},"end":{"line":29,"column":null}}],"line":29},"3":{"loc":{"start":{"line":39,"column":12},"end":{"line":44,"column":null}},"type":"cond-expr","locations":[{"start":{"line":39,"column":24},"end":{"line":44,"column":12}},{"start":{"line":44,"column":12},"end":{"line":44,"column":null}}],"line":39},"4":{"loc":{"start":{"line":50,"column":12},"end":{"line":50,"column":null}},"type":"cond-expr","locations":[{"start":{"line":50,"column":26},"end":{"line":50,"column":35}},{"start":{"line":50,"column":35},"end":{"line":50,"column":null}}],"line":50},"5":{"loc":{"start":{"line":54,"column":17},"end":{"line":55,"column":null}},"type":"binary-expr","locations":[{"start":{"line":54,"column":17},"end":{"line":54,"column":null}},{"start":{"line":55,"column":20},"end":{"line":55,"column":null}}],"line":54},"6":{"loc":{"start":{"line":57,"column":17},"end":{"line":58,"column":null}},"type":"binary-expr","locations":[{"start":{"line":57,"column":17},"end":{"line":57,"column":null}},{"start":{"line":58,"column":20},"end":{"line":58,"column":null}}],"line":57},"7":{"loc":{"start":{"line":73,"column":36},"end":{"line":75,"column":null}},"type":"cond-expr","locations":[{"start":{"line":74,"column":42},"end":{"line":74,"column":null}},{"start":{"line":75,"column":42},"end":{"line":75,"column":null}}],"line":73},"8":{"loc":{"start":{"line":78,"column":35},"end":{"line":78,"column":null}},"type":"cond-expr","locations":[{"start":{"line":78,"column":49},"end":{"line":78,"column":61}},{"start":{"line":78,"column":61},"end":{"line":78,"column":null}}],"line":78},"9":{"loc":{"start":{"line":82,"column":32},"end":{"line":82,"column":null}},"type":"cond-expr","locations":[{"start":{"line":82,"column":46},"end":{"line":82,"column":66}},{"start":{"line":82,"column":66},"end":{"line":82,"column":null}}],"line":82},"10":{"loc":{"start":{"line":84,"column":29},"end":{"line":84,"column":null}},"type":"binary-expr","locations":[{"start":{"line":84,"column":29},"end":{"line":84,"column":45}},{"start":{"line":84,"column":45},"end":{"line":84,"column":null}}],"line":84},"11":{"loc":{"start":{"line":91,"column":13},"end":{"line":102,"column":null}},"type":"binary-expr","locations":[{"start":{"line":91,"column":13},"end":{"line":91,"column":null}},{"start":{"line":92,"column":16},"end":{"line":102,"column":null}}],"line":91},"12":{"loc":{"start":{"line":106,"column":13},"end":{"line":117,"column":null}},"type":"binary-expr","locations":[{"start":{"line":106,"column":13},"end":{"line":106,"column":null}},{"start":{"line":107,"column":16},"end":{"line":117,"column":null}}],"line":106},"13":{"loc":{"start":{"line":113,"column":36},"end":{"line":113,"column":null}},"type":"cond-expr","locations":[{"start":{"line":113,"column":50},"end":{"line":113,"column":68}},{"start":{"line":113,"column":68},"end":{"line":113,"column":null}}],"line":113},"14":{"loc":{"start":{"line":115,"column":25},"end":{"line":115,"column":null}},"type":"cond-expr","locations":[{"start":{"line":115,"column":39},"end":{"line":115,"column":78}},{"start":{"line":115,"column":78},"end":{"line":115,"column":null}}],"line":115}},"s":{"0":0,"1":0,"2":0,"3":0,"4":0,"5":0,"6":0,"7":0,"8":0,"9":0,"10":0},"f":{"0":0,"1":0,"2":0,"3":0,"4":0},"b":{"0":[0],"1":[0,0],"2":[0,0],"3":[0,0],"4":[0,0],"5":[0,0],"6":[0,0],"7":[0,0],"8":[0,0],"9":[0,0],"10":[0,0],"11":[0,0],"12":[0,0],"13":[0,0],"14":[0,0]},"meta":{"lastBranch":15,"lastFunction":5,"lastStatement":11,"seen":{"f:22:16:22:24":0,"b:22:40:22:46":0,"s:23:34:23:Infinity":0,"s:24:10:24:Infinity":1,"f:24:30:24:35":1,"s:24:35:24:41":2,"s:27:24:27:Infinity":3,"b:27:38:27:46:27:46:27:Infinity":1,"s:29:22:29:Infinity":4,"b:29:22:29:47:29:47:29:Infinity":2,"s:31:23:45:Infinity":5,"b:39:24:44:12:44:12:44:Infinity":3,"s:47:4:119:Infinity":6,"b:50:26:50:35:50:35:50:Infinity":4,"b:54:17:54:Infinity:55:20:55:Infinity":5,"b:57:17:57:Infinity:58:20:58:Infinity":6,"f:64:32:64:33":2,"s:65:33:65:Infinity":7,"s:66:20:85:Infinity":8,"f:70:39:70:40":3,"s:70:51:76:Infinity":9,"b:74:42:74:Infinity:75:42:75:Infinity":7,"b:78:49:78:61:78:61:78:Infinity":8,"b:82:46:82:66:82:66:82:Infinity":9,"b:84:29:84:45:84:45:84:Infinity":10,"b:91:13:91:Infinity:92:16:102:Infinity":11,"b:106:13:106:Infinity:107:16:117:Infinity":12,"f:111:33:111:39":4,"s:111:39:111:Infinity":10,"b:113:50:113:68:113:68:113:Infinity":13,"b:115:39:115:78:115:78:115:Infinity":14}}}
,"C:\\Users\\leoma\\OneDrive\\Desktop\\Apps\\Soclean Coordinación\\src\\components\\ui\\button.tsx": {"path":"C:\\Users\\leoma\\OneDrive\\Desktop\\Apps\\Soclean Coordinación\\src\\components\\ui\\button.tsx","statementMap":{"0":{"start":{"line":7,"column":6},"end":{"line":35,"column":null}},"1":{"start":{"line":43,"column":15},"end":{"line":54,"column":null}},"2":{"start":{"line":45,"column":17},"end":{"line":45,"column":null}},"3":{"start":{"line":46,"column":4},"end":{"line":51,"column":null}},"4":{"start":{"line":55,"column":0},"end":{"line":55,"column":null}}},"fnMap":{"0":{"name":"(anonymous_0)","decl":{"start":{"line":44,"column":2},"end":{"line":44,"column":3}},"loc":{"start":{"line":44,"column":68},"end":{"line":53,"column":null}},"line":44}},"branchMap":{"0":{"loc":{"start":{"line":44,"column":31},"end":{"line":44,"column":48}},"type":"default-arg","locations":[{"start":{"line":44,"column":41},"end":{"line":44,"column":48}}],"line":44},"1":{"loc":{"start":{"line":45,"column":17},"end":{"line":45,"column":null}},"type":"cond-expr","locations":[{"start":{"line":45,"column":27},"end":{"line":45,"column":34}},{"start":{"line":45,"column":34},"end":{"line":45,"column":null}}],"line":45}},"s":{"0":4,"1":4,"2":56,"3":56,"4":4},"f":{"0":56},"b":{"0":[56],"1":[0,56]},"meta":{"lastBranch":2,"lastFunction":1,"lastStatement":5,"seen":{"s:7:6:35:Infinity":0,"s:43:15:54:Infinity":1,"f:44:2:44:3":0,"b:44:41:44:48":0,"s:45:17:45:Infinity":2,"b:45:27:45:34:45:34:45:Infinity":1,"s:46:4:51:Infinity":3,"s:55:0:55:Infinity":4}}}
,"C:\\Users\\leoma\\OneDrive\\Desktop\\Apps\\Soclean Coordinación\\src\\components\\ui\\card.tsx": {"path":"C:\\Users\\leoma\\OneDrive\\Desktop\\Apps\\Soclean Coordinación\\src\\components\\ui\\card.tsx","statementMap":{"0":{"start":{"line":5,"column":13},"end":{"line":17,"column":null}},"1":{"start":{"line":9,"column":2},"end":{"line":16,"column":null}},"2":{"start":{"line":18,"column":0},"end":{"line":18,"column":null}},"3":{"start":{"line":20,"column":19},"end":{"line":29,"column":null}},"4":{"start":{"line":24,"column":2},"end":{"line":28,"column":null}},"5":{"start":{"line":30,"column":0},"end":{"line":30,"column":null}},"6":{"start":{"line":32,"column":18},"end":{"line":41,"column":null}},"7":{"start":{"line":36,"column":2},"end":{"line":40,"column":null}},"8":{"start":{"line":42,"column":0},"end":{"line":42,"column":null}},"9":{"start":{"line":44,"column":24},"end":{"line":53,"column":null}},"10":{"start":{"line":48,"column":2},"end":{"line":52,"column":null}},"11":{"start":{"line":54,"column":0},"end":{"line":54,"column":null}},"12":{"start":{"line":56,"column":20},"end":{"line":61,"column":null}},"13":{"start":{"line":60,"column":2},"end":{"line":60,"column":null}},"14":{"start":{"line":62,"column":0},"end":{"line":62,"column":null}},"15":{"start":{"line":64,"column":19},"end":{"line":73,"column":null}},"16":{"start":{"line":68,"column":2},"end":{"line":72,"column":null}},"17":{"start":{"line":74,"column":0},"end":{"line":74,"column":null}}},"fnMap":{"0":{"name":"(anonymous_0)","decl":{"start":{"line":8,"column":2},"end":{"line":8,"column":3}},"loc":{"start":{"line":9,"column":2},"end":{"line":16,"column":null}},"line":9},"1":{"name":"(anonymous_1)","decl":{"start":{"line":23,"column":2},"end":{"line":23,"column":3}},"loc":{"start":{"line":24,"column":2},"end":{"line":28,"column":null}},"line":24},"2":{"name":"(anonymous_2)","decl":{"start":{"line":35,"column":2},"end":{"line":35,"column":3}},"loc":{"start":{"line":36,"column":2},"end":{"line":40,"column":null}},"line":36},"3":{"name":"(anonymous_3)","decl":{"start":{"line":47,"column":2},"end":{"line":47,"column":3}},"loc":{"start":{"line":48,"column":2},"end":{"line":52,"column":null}},"line":48},"4":{"name":"(anonymous_4)","decl":{"start":{"line":59,"column":2},"end":{"line":59,"column":3}},"loc":{"start":{"line":60,"column":2},"end":{"line":60,"column":null}},"line":60},"5":{"name":"(anonymous_5)","decl":{"start":{"line":67,"column":2},"end":{"line":67,"column":3}},"loc":{"start":{"line":68,"column":2},"end":{"line":72,"column":null}},"line":68}},"branchMap":{},"s":{"0":2,"1":8,"2":2,"3":2,"4":5,"5":2,"6":2,"7":5,"8":2,"9":2,"10":4,"11":2,"12":2,"13":8,"14":2,"15":2,"16":0,"17":2},"f":{"0":8,"1":5,"2":5,"3":4,"4":8,"5":0},"b":{},"meta":{"lastBranch":0,"lastFunction":6,"lastStatement":18,"seen":{"s:5:13:17:Infinity":0,"f:8:2:8:3":0,"s:9:2:16:Infinity":1,"s:18:0:18:Infinity":2,"s:20:19:29:Infinity":3,"f:23:2:23:3":1,"s:24:2:28:Infinity":4,"s:30:0:30:Infinity":5,"s:32:18:41:Infinity":6,"f:35:2:35:3":2,"s:36:2:40:Infinity":7,"s:42:0:42:Infinity":8,"s:44:24:53:Infinity":9,"f:47:2:47:3":3,"s:48:2:52:Infinity":10,"s:54:0:54:Infinity":11,"s:56:20:61:Infinity":12,"f:59:2:59:3":4,"s:60:2:60:Infinity":13,"s:62:0:62:Infinity":14,"s:64:19:73:Infinity":15,"f:67:2:67:3":5,"s:68:2:72:Infinity":16,"s:74:0:74:Infinity":17}}}
,"C:\\Users\\leoma\\OneDrive\\Desktop\\Apps\\Soclean Coordinación\\src\\components\\ui\\dialog.tsx": {"path":"C:\\Users\\leoma\\OneDrive\\Desktop\\Apps\\Soclean Coordinación\\src\\components\\ui\\dialog.tsx","statementMap":{"0":{"start":{"line":7,"column":15},"end":{"line":7,"column":null}},"1":{"start":{"line":9,"column":22},"end":{"line":9,"column":null}},"2":{"start":{"line":11,"column":21},"end":{"line":11,"column":null}},"3":{"start":{"line":13,"column":20},"end":{"line":13,"column":null}},"4":{"start":{"line":15,"column":22},"end":{"line":27,"column":null}},"5":{"start":{"line":19,"column":2},"end":{"line":26,"column":null}},"6":{"start":{"line":28,"column":0},"end":{"line":28,"column":null}},"7":{"start":{"line":30,"column":22},"end":{"line":51,"column":null}},"8":{"start":{"line":34,"column":2},"end":{"line":50,"column":null}},"9":{"start":{"line":52,"column":0},"end":{"line":52,"column":null}},"10":{"start":{"line":54,"column":21},"end":{"line":64,"column":null}},"11":{"start":{"line":58,"column":2},"end":{"line":64,"column":null}},"12":{"start":{"line":66,"column":0},"end":{"line":66,"column":null}},"13":{"start":{"line":68,"column":21},"end":{"line":78,"column":null}},"14":{"start":{"line":72,"column":2},"end":{"line":78,"column":null}},"15":{"start":{"line":80,"column":0},"end":{"line":80,"column":null}},"16":{"start":{"line":82,"column":20},"end":{"line":94,"column":null}},"17":{"start":{"line":86,"column":2},"end":{"line":93,"column":null}},"18":{"start":{"line":95,"column":0},"end":{"line":95,"column":null}},"19":{"start":{"line":97,"column":26},"end":{"line":106,"column":null}},"20":{"start":{"line":101,"column":2},"end":{"line":105,"column":null}},"21":{"start":{"line":107,"column":0},"end":{"line":107,"column":null}}},"fnMap":{"0":{"name":"(anonymous_0)","decl":{"start":{"line":18,"column":2},"end":{"line":18,"column":3}},"loc":{"start":{"line":19,"column":2},"end":{"line":26,"column":null}},"line":19},"1":{"name":"(anonymous_1)","decl":{"start":{"line":33,"column":2},"end":{"line":33,"column":3}},"loc":{"start":{"line":34,"column":2},"end":{"line":50,"column":null}},"line":34},"2":{"name":"(anonymous_2)","decl":{"start":{"line":54,"column":21},"end":{"line":54,"column":22}},"loc":{"start":{"line":58,"column":2},"end":{"line":64,"column":null}},"line":58},"3":{"name":"(anonymous_3)","decl":{"start":{"line":68,"column":21},"end":{"line":68,"column":22}},"loc":{"start":{"line":72,"column":2},"end":{"line":78,"column":null}},"line":72},"4":{"name":"(anonymous_4)","decl":{"start":{"line":85,"column":2},"end":{"line":85,"column":3}},"loc":{"start":{"line":86,"column":2},"end":{"line":93,"column":null}},"line":86},"5":{"name":"(anonymous_5)","decl":{"start":{"line":100,"column":2},"end":{"line":100,"column":3}},"loc":{"start":{"line":101,"column":2},"end":{"line":105,"column":null}},"line":101}},"branchMap":{},"s":{"0":1,"1":1,"2":1,"3":1,"4":1,"5":10,"6":1,"7":1,"8":5,"9":1,"10":1,"11":5,"12":1,"13":1,"14":0,"15":1,"16":1,"17":5,"18":1,"19":1,"20":0,"21":1},"f":{"0":10,"1":5,"2":5,"3":0,"4":5,"5":0},"b":{},"meta":{"lastBranch":0,"lastFunction":6,"lastStatement":22,"seen":{"s:7:15:7:Infinity":0,"s:9:22:9:Infinity":1,"s:11:21:11:Infinity":2,"s:13:20:13:Infinity":3,"s:15:22:27:Infinity":4,"f:18:2:18:3":0,"s:19:2:26:Infinity":5,"s:28:0:28:Infinity":6,"s:30:22:51:Infinity":7,"f:33:2:33:3":1,"s:34:2:50:Infinity":8,"s:52:0:52:Infinity":9,"s:54:21:64:Infinity":10,"f:54:21:54:22":2,"s:58:2:64:Infinity":11,"s:66:0:66:Infinity":12,"s:68:21:78:Infinity":13,"f:68:21:68:22":3,"s:72:2:78:Infinity":14,"s:80:0:80:Infinity":15,"s:82:20:94:Infinity":16,"f:85:2:85:3":4,"s:86:2:93:Infinity":17,"s:95:0:95:Infinity":18,"s:97:26:106:Infinity":19,"f:100:2:100:3":5,"s:101:2:105:Infinity":20,"s:107:0:107:Infinity":21}}}
,"C:\\Users\\leoma\\OneDrive\\Desktop\\Apps\\Soclean Coordinación\\src\\components\\ui\\dropdown-menu.tsx": {"path":"C:\\Users\\leoma\\OneDrive\\Desktop\\Apps\\Soclean Coordinación\\src\\components\\ui\\dropdown-menu.tsx","statementMap":{"0":{"start":{"line":7,"column":21},"end":{"line":7,"column":null}},"1":{"start":{"line":9,"column":28},"end":{"line":9,"column":null}},"2":{"start":{"line":11,"column":26},"end":{"line":11,"column":null}},"3":{"start":{"line":13,"column":27},"end":{"line":13,"column":null}},"4":{"start":{"line":15,"column":24},"end":{"line":15,"column":null}},"5":{"start":{"line":17,"column":31},"end":{"line":17,"column":null}},"6":{"start":{"line":19,"column":31},"end":{"line":37,"column":null}},"7":{"start":{"line":25,"column":2},"end":{"line":36,"column":null}},"8":{"start":{"line":38,"column":0},"end":{"line":39,"column":null}},"9":{"start":{"line":41,"column":31},"end":{"line":53,"column":null}},"10":{"start":{"line":45,"column":2},"end":{"line":52,"column":null}},"11":{"start":{"line":54,"column":0},"end":{"line":55,"column":null}},"12":{"start":{"line":57,"column":28},"end":{"line":73,"column":null}},"13":{"start":{"line":61,"column":2},"end":{"line":72,"column":null}},"14":{"start":{"line":74,"column":0},"end":{"line":74,"column":null}},"15":{"start":{"line":76,"column":25},"end":{"line":91,"column":null}},"16":{"start":{"line":82,"column":2},"end":{"line":90,"column":null}},"17":{"start":{"line":92,"column":0},"end":{"line":92,"column":null}},"18":{"start":{"line":94,"column":33},"end":{"line":114,"column":null}},"19":{"start":{"line":98,"column":2},"end":{"line":113,"column":null}},"20":{"start":{"line":115,"column":0},"end":{"line":116,"column":null}},"21":{"start":{"line":118,"column":30},"end":{"line":137,"column":null}},"22":{"start":{"line":122,"column":2},"end":{"line":136,"column":null}},"23":{"start":{"line":138,"column":0},"end":{"line":138,"column":null}},"24":{"start":{"line":140,"column":26},"end":{"line":155,"column":null}},"25":{"start":{"line":146,"column":2},"end":{"line":154,"column":null}},"26":{"start":{"line":156,"column":0},"end":{"line":156,"column":null}},"27":{"start":{"line":158,"column":30},"end":{"line":167,"column":null}},"28":{"start":{"line":162,"column":2},"end":{"line":166,"column":null}},"29":{"start":{"line":168,"column":0},"end":{"line":168,"column":null}},"30":{"start":{"line":170,"column":29},"end":{"line":180,"column":null}},"31":{"start":{"line":174,"column":2},"end":{"line":178,"column":null}},"32":{"start":{"line":181,"column":0},"end":{"line":181,"column":null}}},"fnMap":{"0":{"name":"(anonymous_0)","decl":{"start":{"line":24,"column":2},"end":{"line":24,"column":3}},"loc":{"start":{"line":25,"column":2},"end":{"line":36,"column":null}},"line":25},"1":{"name":"(anonymous_1)","decl":{"start":{"line":44,"column":2},"end":{"line":44,"column":3}},"loc":{"start":{"line":45,"column":2},"end":{"line":52,"column":null}},"line":45},"2":{"name":"(anonymous_2)","decl":{"start":{"line":60,"column":2},"end":{"line":60,"column":3}},"loc":{"start":{"line":61,"column":2},"end":{"line":72,"column":null}},"line":61},"3":{"name":"(anonymous_3)","decl":{"start":{"line":81,"column":2},"end":{"line":81,"column":3}},"loc":{"start":{"line":82,"column":2},"end":{"line":90,"column":null}},"line":82},"4":{"name":"(anonymous_4)","decl":{"start":{"line":97,"column":2},"end":{"line":97,"column":3}},"loc":{"start":{"line":98,"column":2},"end":{"line":113,"column":null}},"line":98},"5":{"name":"(anonymous_5)","decl":{"start":{"line":121,"column":2},"end":{"line":121,"column":3}},"loc":{"start":{"line":122,"column":2},"end":{"line":136,"column":null}},"line":122},"6":{"name":"(anonymous_6)","decl":{"start":{"line":145,"column":2},"end":{"line":145,"column":3}},"loc":{"start":{"line":146,"column":2},"end":{"line":154,"column":null}},"line":146},"7":{"name":"(anonymous_7)","decl":{"start":{"line":161,"column":2},"end":{"line":161,"column":3}},"loc":{"start":{"line":162,"column":2},"end":{"line":166,"column":null}},"line":162},"8":{"name":"(anonymous_8)","decl":{"start":{"line":170,"column":29},"end":{"line":170,"column":30}},"loc":{"start":{"line":173,"column":45},"end":{"line":180,"column":null}},"line":173}},"branchMap":{"0":{"loc":{"start":{"line":29,"column":6},"end":{"line":29,"column":null}},"type":"binary-expr","locations":[{"start":{"line":29,"column":6},"end":{"line":29,"column":15}},{"start":{"line":29,"column":15},"end":{"line":29,"column":null}}],"line":29},"1":{"loc":{"start":{"line":60,"column":16},"end":{"line":60,"column":32}},"type":"default-arg","locations":[{"start":{"line":60,"column":29},"end":{"line":60,"column":32}}],"line":60},"2":{"loc":{"start":{"line":86,"column":6},"end":{"line":86,"column":null}},"type":"binary-expr","locations":[{"start":{"line":86,"column":6},"end":{"line":86,"column":15}},{"start":{"line":86,"column":15},"end":{"line":86,"column":null}}],"line":86},"3":{"loc":{"start":{"line":150,"column":6},"end":{"line":150,"column":null}},"type":"binary-expr","locations":[{"start":{"line":150,"column":6},"end":{"line":150,"column":15}},{"start":{"line":150,"column":15},"end":{"line":150,"column":null}}],"line":150}},"s":{"0":1,"1":1,"2":1,"3":1,"4":1,"5":1,"6":1,"7":0,"8":1,"9":1,"10":0,"11":1,"12":1,"13":0,"14":1,"15":1,"16":0,"17":1,"18":1,"19":0,"20":1,"21":1,"22":0,"23":1,"24":1,"25":0,"26":1,"27":1,"28":0,"29":1,"30":1,"31":0,"32":1},"f":{"0":0,"1":0,"2":0,"3":0,"4":0,"5":0,"6":0,"7":0,"8":0},"b":{"0":[0,0],"1":[0],"2":[0,0],"3":[0,0]},"meta":{"lastBranch":4,"lastFunction":9,"lastStatement":33,"seen":{"s:7:21:7:Infinity":0,"s:9:28:9:Infinity":1,"s:11:26:11:Infinity":2,"s:13:27:13:Infinity":3,"s:15:24:15:Infinity":4,"s:17:31:17:Infinity":5,"s:19:31:37:Infinity":6,"f:24:2:24:3":0,"s:25:2:36:Infinity":7,"b:29:6:29:15:29:15:29:Infinity":0,"s:38:0:39:Infinity":8,"s:41:31:53:Infinity":9,"f:44:2:44:3":1,"s:45:2:52:Infinity":10,"s:54:0:55:Infinity":11,"s:57:28:73:Infinity":12,"f:60:2:60:3":2,"s:61:2:72:Infinity":13,"b:60:29:60:32":1,"s:74:0:74:Infinity":14,"s:76:25:91:Infinity":15,"f:81:2:81:3":3,"s:82:2:90:Infinity":16,"b:86:6:86:15:86:15:86:Infinity":2,"s:92:0:92:Infinity":17,"s:94:33:114:Infinity":18,"f:97:2:97:3":4,"s:98:2:113:Infinity":19,"s:115:0:116:Infinity":20,"s:118:30:137:Infinity":21,"f:121:2:121:3":5,"s:122:2:136:Infinity":22,"s:138:0:138:Infinity":23,"s:140:26:155:Infinity":24,"f:145:2:145:3":6,"s:146:2:154:Infinity":25,"b:150:6:150:15:150:15:150:Infinity":3,"s:156:0:156:Infinity":26,"s:158:30:167:Infinity":27,"f:161:2:161:3":7,"s:162:2:166:Infinity":28,"s:168:0:168:Infinity":29,"s:170:29:180:Infinity":30,"f:170:29:170:30":8,"s:174:2:178:Infinity":31,"s:181:0:181:Infinity":32}}}
,"C:\\Users\\leoma\\OneDrive\\Desktop\\Apps\\Soclean Coordinación\\src\\components\\ui\\form.tsx": {"path":"C:\\Users\\leoma\\OneDrive\\Desktop\\Apps\\Soclean Coordinación\\src\\components\\ui\\form.tsx","statementMap":{"0":{"start":{"line":18,"column":13},"end":{"line":18,"column":null}},"1":{"start":{"line":27,"column":25},"end":{"line":27,"column":null}},"2":{"start":{"line":29,"column":18},"end":{"line":40,"column":null}},"3":{"start":{"line":35,"column":2},"end":{"line":38,"column":null}},"4":{"start":{"line":42,"column":21},"end":{"line":67,"column":null}},"5":{"start":{"line":43,"column":23},"end":{"line":43,"column":null}},"6":{"start":{"line":44,"column":22},"end":{"line":44,"column":null}},"7":{"start":{"line":45,"column":35},"end":{"line":45,"column":null}},"8":{"start":{"line":47,"column":2},"end":{"line":49,"column":null}},"9":{"start":{"line":48,"column":4},"end":{"line":48,"column":null}},"10":{"start":{"line":51,"column":2},"end":{"line":53,"column":null}},"11":{"start":{"line":52,"column":4},"end":{"line":52,"column":null}},"12":{"start":{"line":55,"column":21},"end":{"line":55,"column":null}},"13":{"start":{"line":57,"column":17},"end":{"line":57,"column":null}},"14":{"start":{"line":59,"column":2},"end":{"line":66,"column":null}},"15":{"start":{"line":73,"column":24},"end":{"line":73,"column":null}},"16":{"start":{"line":75,"column":17},"end":{"line":86,"column":null}},"17":{"start":{"line":79,"column":13},"end":{"line":79,"column":null}},"18":{"start":{"line":81,"column":2},"end":{"line":84,"column":null}},"19":{"start":{"line":87,"column":0},"end":{"line":87,"column":null}},"20":{"start":{"line":89,"column":18},"end":{"line":103,"column":null}},"21":{"start":{"line":93,"column":32},"end":{"line":93,"column":null}},"22":{"start":{"line":95,"column":2},"end":{"line":101,"column":null}},"23":{"start":{"line":104,"column":0},"end":{"line":104,"column":null}},"24":{"start":{"line":106,"column":20},"end":{"line":125,"column":null}},"25":{"start":{"line":110,"column":66},"end":{"line":110,"column":null}},"26":{"start":{"line":112,"column":2},"end":{"line":123,"column":null}},"27":{"start":{"line":126,"column":0},"end":{"line":126,"column":null}},"28":{"start":{"line":128,"column":24},"end":{"line":142,"column":null}},"29":{"start":{"line":132,"column":32},"end":{"line":132,"column":null}},"30":{"start":{"line":134,"column":2},"end":{"line":140,"column":null}},"31":{"start":{"line":143,"column":0},"end":{"line":143,"column":null}},"32":{"start":{"line":145,"column":20},"end":{"line":166,"column":null}},"33":{"start":{"line":149,"column":35},"end":{"line":149,"column":null}},"34":{"start":{"line":150,"column":15},"end":{"line":150,"column":null}},"35":{"start":{"line":152,"column":2},"end":{"line":154,"column":null}},"36":{"start":{"line":153,"column":4},"end":{"line":153,"column":null}},"37":{"start":{"line":156,"column":2},"end":{"line":164,"column":null}},"38":{"start":{"line":167,"column":0},"end":{"line":167,"column":null}}},"fnMap":{"0":{"name":"(anonymous_0)","decl":{"start":{"line":29,"column":18},"end":{"line":29,"column":null}},"loc":{"start":{"line":34,"column":44},"end":{"line":40,"column":null}},"line":34},"1":{"name":"(anonymous_1)","decl":{"start":{"line":42,"column":21},"end":{"line":42,"column":27}},"loc":{"start":{"line":42,"column":27},"end":{"line":67,"column":null}},"line":42},"2":{"name":"(anonymous_2)","decl":{"start":{"line":78,"column":2},"end":{"line":78,"column":3}},"loc":{"start":{"line":78,"column":36},"end":{"line":86,"column":1}},"line":78},"3":{"name":"(anonymous_3)","decl":{"start":{"line":92,"column":2},"end":{"line":92,"column":3}},"loc":{"start":{"line":92,"column":36},"end":{"line":103,"column":1}},"line":92},"4":{"name":"(anonymous_4)","decl":{"start":{"line":109,"column":2},"end":{"line":109,"column":3}},"loc":{"start":{"line":109,"column":25},"end":{"line":125,"column":1}},"line":109},"5":{"name":"(anonymous_5)","decl":{"start":{"line":131,"column":2},"end":{"line":131,"column":3}},"loc":{"start":{"line":131,"column":36},"end":{"line":142,"column":1}},"line":131},"6":{"name":"(anonymous_6)","decl":{"start":{"line":148,"column":2},"end":{"line":148,"column":3}},"loc":{"start":{"line":148,"column":46},"end":{"line":166,"column":1}},"line":148}},"branchMap":{"0":{"loc":{"start":{"line":47,"column":2},"end":{"line":49,"column":null}},"type":"if","locations":[{"start":{"line":47,"column":2},"end":{"line":49,"column":null}},{"start":{},"end":{}}],"line":47},"1":{"loc":{"start":{"line":51,"column":2},"end":{"line":53,"column":null}},"type":"if","locations":[{"start":{"line":51,"column":2},"end":{"line":53,"column":null}},{"start":{},"end":{}}],"line":51},"2":{"loc":{"start":{"line":98,"column":20},"end":{"line":98,"column":49}},"type":"binary-expr","locations":[{"start":{"line":98,"column":20},"end":{"line":98,"column":29}},{"start":{"line":98,"column":29},"end":{"line":98,"column":49}}],"line":98},"3":{"loc":{"start":{"line":117,"column":8},"end":{"line":119,"column":null}},"type":"cond-expr","locations":[{"start":{"line":118,"column":12},"end":{"line":118,"column":null}},{"start":{"line":119,"column":12},"end":{"line":119,"column":null}}],"line":117},"4":{"loc":{"start":{"line":150,"column":15},"end":{"line":150,"column":null}},"type":"cond-expr","locations":[{"start":{"line":150,"column":23},"end":{"line":150,"column":54}},{"start":{"line":150,"column":54},"end":{"line":150,"column":null}}],"line":150},"5":{"loc":{"start":{"line":150,"column":30},"end":{"line":150,"column":50}},"type":"binary-expr","locations":[{"start":{"line":150,"column":30},"end":{"line":150,"column":48}},{"start":{"line":150,"column":48},"end":{"line":150,"column":50}}],"line":150},"6":{"loc":{"start":{"line":152,"column":2},"end":{"line":154,"column":null}},"type":"if","locations":[{"start":{"line":152,"column":2},"end":{"line":154,"column":null}},{"start":{},"end":{}}],"line":152}},"s":{"0":1,"1":1,"2":1,"3":230,"4":1,"5":810,"6":810,"7":810,"8":810,"9":0,"10":810,"11":0,"12":810,"13":810,"14":810,"15":1,"16":1,"17":270,"18":270,"19":1,"20":1,"21":270,"22":270,"23":1,"24":1,"25":270,"26":270,"27":1,"28":1,"29":0,"30":0,"31":1,"32":1,"33":270,"34":270,"35":270,"36":267,"37":3,"38":1},"f":{"0":230,"1":810,"2":270,"3":270,"4":270,"5":0,"6":270},"b":{"0":[0,810],"1":[0,810],"2":[270,3],"3":[267,3],"4":[3,267],"5":[3,0],"6":[267,3]},"meta":{"lastBranch":7,"lastFunction":7,"lastStatement":39,"seen":{"s:18:13:18:Infinity":0,"s:27:25:27:Infinity":1,"s:29:18:40:Infinity":2,"f:29:18:29:Infinity":0,"s:35:2:38:Infinity":3,"s:42:21:67:Infinity":4,"f:42:21:42:27":1,"s:43:23:43:Infinity":5,"s:44:22:44:Infinity":6,"s:45:35:45:Infinity":7,"b:47:2:49:Infinity:undefined:undefined:undefined:undefined":0,"s:47:2:49:Infinity":8,"s:48:4:48:Infinity":9,"b:51:2:53:Infinity:undefined:undefined:undefined:undefined":1,"s:51:2:53:Infinity":10,"s:52:4:52:Infinity":11,"s:55:21:55:Infinity":12,"s:57:17:57:Infinity":13,"s:59:2:66:Infinity":14,"s:73:24:73:Infinity":15,"s:75:17:86:Infinity":16,"f:78:2:78:3":2,"s:79:13:79:Infinity":17,"s:81:2:84:Infinity":18,"s:87:0:87:Infinity":19,"s:89:18:103:Infinity":20,"f:92:2:92:3":3,"s:93:32:93:In
[...]
,"column":85}},"18":{"start":{"line":35,"column":27},"end":{"line":35,"column":null}},"19":{"start":{"line":35,"column":49},"end":{"line":35,"column":70}},"20":{"start":{"line":36,"column":31},"end":{"line":36,"column":null}},"21":{"start":{"line":36,"column":56},"end":{"line":36,"column":77}},"22":{"start":{"line":39,"column":4},"end":{"line":69,"column":null}},"23":{"start":{"line":40,"column":8},"end":{"line":40,"column":null}},"24":{"start":{"line":40,"column":83},"end":{"line":40,"column":null}},"25":{"start":{"line":41,"column":25},"end":{"line":41,"column":null}},"26":{"start":{"line":42,"column":30},"end":{"line":67,"column":null}},"27":{"start":{"line":43,"column":28},"end":{"line":60,"column":null}},"28":{"start":{"line":45,"column":20},"end":{"line":57,"column":null}},"29":{"start":{"line":46,"column":36},"end":{"line":46,"column":null}},"30":{"start":{"line":47,"column":24},"end":{"line":54,"column":null}},"31":{"start":{"line":48,"column":28},"end":{"line":53,"column":null}},"32":{"start":{"line":56,"column":24},"end":{"line":56,"column":null}},"33":{"start":{"line":58,"column":20},"end":{"line":58,"column":null}},"34":{"start":{"line":62,"column":31},"end":{"line":64,"column":null}},"35":{"start":{"line":63,"column":65},"end":{"line":63,"column":109}},"36":{"start":{"line":64,"column":26},"end":{"line":64,"column":33}},"37":{"start":{"line":66,"column":12},"end":{"line":66,"column":null}},"38":{"start":{"line":68,"column":8},"end":{"line":68,"column":null}},"39":{"start":{"line":71,"column":32},"end":{"line":91,"column":null}},"40":{"start":{"line":72,"column":8},"end":{"line":72,"column":null}},"41":{"start":{"line":72,"column":67},"end":{"line":72,"column":null}},"42":{"start":{"line":74,"column":23},"end":{"line":74,"column":null}},"43":{"start":{"line":75,"column":34},"end":{"line":75,"column":null}},"44":{"start":{"line":77,"column":8},"end":{"line":90,"column":null}},"45":{"start":{"line":78,"column":28},"end":{"line":82,"column":null}},"46":{"start":{"line":83,"column":12},"end":{"line":83,"column":null}},"47":{"start":{"line":84,"column":12},"end":{"line":87,"column":null}},"48":{"start":{"line":85,"column":16},"end":{"line":85,"column":null}},"49":{"start":{"line":86,"column":16},"end":{"line":86,"column":null}},"50":{"start":{"line":89,"column":12},"end":{"line":89,"column":null}},"51":{"start":{"line":93,"column":36},"end":{"line":99,"column":null}},"52":{"start":{"line":94,"column":8},"end":{"line":94,"column":null}},"53":{"start":{"line":94,"column":54},"end":{"line":94,"column":null}},"54":{"start":{"line":95,"column":23},"end":{"line":95,"column":null}},"55":{"start":{"line":96,"column":28},"end":{"line":96,"column":null}},"56":{"start":{"line":98,"column":8},"end":{"line":98,"column":null}},"57":{"start":{"line":101,"column":4},"end":{"line":311,"column":null}},"58":{"start":{"line":132,"column":40},"end":{"line":134,"column":null}},"59":{"start":{"line":164,"column":40},"end":{"line":166,"column":null}},"60":{"start":{"line":228,"column":44},"end":{"line":233,"column":null}},"61":{"start":{"line":257,"column":65},"end":{"line":257,"column":95}},"62":{"start":{"line":257,"column":95},"end":{"line":257,"column":118}},"63":{"start":{"line":265,"column":65},"end":{"line":265,"column":95}},"64":{"start":{"line":265,"column":95},"end":{"line":265,"column":118}},"65":{"start":{"line":290,"column":44},"end":{"line":295,"column":null}}},"fnMap":{"0":{"name":"LogisticsMap","decl":{"start":{"line":13,"column":24},"end":{"line":13,"column":39}},"loc":{"start":{"line":13,"column":39},"end":{"line":313,"column":null}},"line":13},"1":{"name":"(anonymous_1)","decl":{"start":{"line":32,"column":43},"end":{"line":32,"column":48}},"loc":{"start":{"line":32,"column":48},"end":{"line":32,"column":74}},"line":32},"2":{"name":"(anonymous_2)","decl":{"start":{"line":33,"column":50},"end":{"line":33,"column":55}},"loc":{"start":{"line":33,"column":55},"end":{"line":33,"column":85}},"line":33},"3":{"name":"(anonymous_3)","decl":{"start":{"line":35,"column":44},"end":{"line":35,"column":49}},"loc":{"start":{"line":35,"column":49},"end":{"line":35,"column":70}},"line":35},"4":{"name":"(anonymous_4)","decl":{"start":{"line":36,"column":51},"end":{"line":36,"column":56}},"loc":{"start":{"line":36,"column":56},"end":{"line":36,"column":77}},"line":36},"5":{"name":"(anonymous_5)","decl":{"start":{"line":39,"column":14},"end":{"line":39,"column":20}},"loc":{"start":{"line":39,"column":20},"end":{"line":69,"column":7}},"line":39},"6":{"name":"(anonymous_6)","decl":{"start":{"line":42,"column":30},"end":{"line":42,"column":42}},"loc":{"start":{"line":42,"column":42},"end":{"line":67,"column":null}},"line":42},"7":{"name":"(anonymous_7)","decl":{"start":{"line":44,"column":35},"end":{"line":44,"column":42}},"loc":{"start":{"line":44,"column":48},"end":{"line":59,"column":17}},"line":44},"8":{"name":"(anonymous_8)","decl":{"start":{"line":63,"column":24},"end":{"line":63,"column":25}},"loc":{"start":{"line":63,"column":65},"end":{"line":63,"column":109}},"line":63},"9":{"name":"(anonymous_9)","decl":{"start":{"line":64,"column":21},"end":{"line":64,"column":26}},"loc":{"start":{"line":64,"column":26},"end":{"line":64,"column":33}},"line":64},"10":{"name":"(anonymous_10)","decl":{"start":{"line":71,"column":32},"end":{"line":71,"column":44}},"loc":{"start":{"line":71,"column":44},"end":{"line":91,"column":null}},"line":71},"11":{"name":"(anonymous_11)","decl":{"start":{"line":93,"column":36},"end":{"line":93,"column":42}},"loc":{"start":{"line":93,"column":42},"end":{"line":99,"column":null}},"line":93},"12":{"name":"(anonymous_12)","decl":{"start":{"line":131,"column":56},"end":{"line":131,"column":null}},"loc":{"start":{"line":132,"column":40},"end":{"line":134,"column":null}},"line":132},"13":{"name":"(anonymous_13)","decl":{"start":{"line":163,"column":60},"end":{"line":163,"column":null}},"loc":{"start":{"line":164,"column":40},"end":{"line":166,"column":null}},"line":164},"14":{"name":"(anonymous_14)","decl":{"start":{"line":227,"column":60},"end":{"line":227,"column":null}},"loc":{"start":{"line":228,"column":44},"end":{"line":233,"column":null}},"line":228},"15":{"name":"(anonymous_15)","decl":{"start":{"line":257,"column":57},"end":{"line":257,"column":63}},"loc":{"start":{"line":257,"column":63},"end":{"line":257,"column":null}},"line":257},"16":{"name":"(anonymous_16)","decl":{"start":{"line":265,"column":57},"end":{"line":265,"column":63}},"loc":{"start":{"line":265,"column":63},"end":{"line":265,"column":null}},"line":265},"17":{"name":"(anonymous_17)","decl":{"start":{"line":289,"column":60},"end":{"line":289,"column":null}},"loc":{"start":{"line":290,"column":44},"end":{"line":295,"column":null}},"line":290}},"branchMap":{"0":{"loc":{"start":{"line":15,"column":18},"end":{"line":15,"column":33}},"type":"default-arg","locations":[{"start":{"line":15,"column":30},"end":{"line":15,"column":33}}],"line":15},"1":{"loc":{"start":{"line":17,"column":18},"end":{"line":17,"column":36}},"type":"default-arg","locations":[{"start":{"line":17,"column":33},"end":{"line":17,"column":36}}],"line":17},"2":{"loc":{"start":{"line":28,"column":26},"end":{"line":28,"column":null}},"type":"binary-expr","locations":[{"start":{"line":28,"column":26},"end":{"line":28,"column":70}},{"start":{"line":28,"column":70},"end":{"line":28,"column":null}}],"line":28},"3":{"loc":{"start":{"line":40,"column":8},"end":{"line":40,"column":null}},"type":"if","locations":[{"start":{"line":40,"column":8},"end":{"line":40,"column":null}},{"start":{},"end":{}}],"line":40},"4":{"loc":{"start":{"line":40,"column":12},"end":{"line":40,"column":83}},"type":"binary-expr","locations":[{"start":{"line":40,"column":12},"end":{"line":40,"column":25}},{"start":{"line":40,"column":25},"end":{"line":40,"column":56}},{"start":{"line":40,"column":56},"end":{"line":40,"column":83}}],"line":40},"5":{"loc":{"start":{"line":47,"column":24},"end":{"line":54,"column":null}},"type":"if","locations":[{"start":{"line":47,"column":24},"end":{"line":54,"column":null}},{"start":{},"end":{}}],"line":47},"6":{"loc":{"start":{"line":47,"column":28},"end":{"line":47,"column":59}},"type":"binary-expr","locations":[{"start":{"line":47,"column":28},"end":{"line":47,"column":43}},{"start":{"line":47,"column":43},"end":{"line":47,"column":59}}],"line":47},"7":{"loc":{"start":{"line":50,"column":42},"end":{"line":50,"column":72}},"type":"binary-expr","locations":[{"start":{"line":50,"column":42},"end":{"line":50,"column":70}},{"start":{"line":50,"column":70},"end":{"line":50,"column":72}}],"line":50},"8":{"loc":{"start":{"line":63,"column":65},"end":{"line":63,"column":109}},"type":"binary-expr","locations":[{"start":{"line":63,"column":65},"end":{"line":63,"column":93}},{"start":{"line":63,"column":93},"end":{"line":63,"column":109}}],"line":63},"9":{"loc":{"start":{"line":72,"column":8},"end":{"line":72,"column":null}},"type":"if","locations":[{"start":{"line":72,"column":8},"end":{"line":72,"column":null}},{"start":{},"end":{}}],"line":72},"10":{"loc":{"start":{"line":72,"column":12},"end":{"line":72,"column":67}},"type":"binary-expr","locations":[{"start":{"line":72,"column":12},"end":{"line":72,"column":32}},{"start":{"line":72,"column":32},"end":{"line":72,"column":56}},{"start":{"line":72,"column":56},"end":{"line":72,"column":67}}],"line":72},"11":{"loc":{"start":{"line":81,"column":28},"end":{"line":81,"column":null}},"type":"binary-expr","locations":[{"start":{"line":81,"column":28},"end":{"line":81,"column":70}},{"start":{"line":81,"column":70},"end":{"line":81,"column":null}}],"line":81},"12":{"loc":{"start":{"line":84,"column":12},"end":{"line":87,"column":null}},"type":"if","locations":[{"start":{"line":84,"column":12},"end":{"line":87,"column":null}},{"start":{},"end":{}}],"line":84},"13":{"loc":{"start":{"line":85,"column":28},"end":{"line":85,"column":74}},"type":"binary-expr","locations":[{"start":{"line":85,"column":28},"end":{"line":85,"column":72}},{"start":{"line":85,"column":72},"end":{"line":85,"column":74}}],"line":85},"14":{"loc":{"start":{"line":86,"column":28},"end":{"line":86,"column":74}},"type":"binary-expr","locations":[{"start":{"line":86,"column":28},"end":{"line":86,"column":72}},{"start":{"line":86,"column":72},"end":{"line":86,"column":74}}],"line":86},"15":{"loc":{"start":{"line":94,"column":8},"end":{"line":94,"column":null}},"type":"if","locations":[{"start":{"line":94,"column":8},"end":{"line":94,"column":null}},{"start":{},"end":{}}],"line":94},"16":{"loc":{"start":{"line":94,"column":12},"end":{"line":94,"column":54}},"type":"binary-expr","locations":[{"start":{"line":94,"column":12},"end":{"line":94,"column":32}},{"start":{"line":94,"column":32},"end":{"line":94,"column":54}}],"line":94},"17":{"loc":{"start":{"line":130,"column":37},"end":{"line":130,"column":null}},"type":"binary-expr","locations":[{"start":{"line":130,"column":37},"end":{"line":130,"column":68}},{"start":{"line":130,"column":68},"end":{"line":130,"column":null}}],"line":130},"18":{"loc":{"start":{"line":139,"column":29},"end":{"line":143,"column":null}},"type":"binary-expr","locations":[{"start":{"line":139,"column":29},"end":{"line":139,"column":null}},{"start":{"line":140,"column":32},"end":{"line":143,"column":null}}],"line":139},"19":{"loc":{"start":{"line":162,"column":37},"end":{"line":162,"column":null}},"type":"binary-expr","locations":[{"start":{"line":162,"column":37},"end":{"line":162,"column":72}},{"start":{"line":162,"column":72},"end":{"line":162,"column":null}}],"line":162},"20":{"loc":{"start":{"line":171,"column":29},"end":{"line":175,"column":null}},"type":"binary-expr","locations":[{"start":{"line":171,"column":29},"end":{"line":171,"column":null}},{"start":{"line":172,"column":32},"end":{"line":175,"column":null}}],"line":171},"21":{"loc":{"start":{"line":182,"column":34},"end":{"line":182,"column":null}},"type":"binary-expr","locations":[{"start":{"line":182,"column":34},"end":{"line":182,"column":54}},{"start":{"line":182,"column":54},"end":{"line":182,"column":null}}],"line":182},"22":{"loc":{"start":{"line":193,"column":29},"end":{"line":305,"column":null}},"type":"cond-expr","locations":[{"start":{"line":194,"column":32},"end":{"line":207,"column":null}},{"start":{"line":208,"column":32},"end":{"line":305,"column":null}}],"line":193},"23":{"loc":{"start":{"line":195,"column":37},"end":{"line":205,"column":null}},"type":"cond-expr","locations":[{"start":{"line":196,"column":40},"end":{"line":200,"column":null}},{"start":{"line":202,"column":40},"end":{"line":205,"column":null}}],"line":195},"24":{"loc":{"start":{"line":208,"column":32},"end":{"line":305,"column":null}},"type":"cond-expr","locations":[{"start":{"line":209,"column":32},"end":{"line":280,"column":null}},{"start":{"line":282,"column":32},"end":{"line":305,"column":null}}],"line":208},"25":{"loc":{"start":{"line":256,"column":57},"end":{"line":256,"column":null}},"type":"cond-expr","locations":[{"start":{"line":256,"column":88},"end":{"line":256,"column":100}},{"start":{"line":256,"column":100},"end":{"line":256,"column":null}}],"line":256},"26":{"loc":{"start":{"line":258,"column":69},"end":{"line":258,"column":153}},"type":"cond-expr","locations":[{"start":{"line":258,"column":100},"end":{"line":258,"column":151}},{"start":{"line":258,"column":151},"end":{"line":258,"column":153}}],"line":258},"27":{"loc":{"start":{"line":264,"column":57},"end":{"line":264,"column":null}},"type":"cond-expr","locations":[{"start":{"line":264,"column":88},"end":{"line":264,"column":100}},{"start":{"line":264,"column":100},"end":{"line":264,"column":null}}],"line":264},"28":{"loc":{"start":{"line":266,"column":69},"end":{"line":266,"column":136}},"type":"cond-expr","locations":[{"start":{"line":266,"column":100},"end":{"line":266,"column":134}},{"start":{"line":266,"column":134},"end":{"line":266,"column":136}}],"line":266}},"s":{"0":1,"1":1,"2":2,"3":2,"4":2,"5":2,"6":2,"7":2,"8":2,"9":2,"10":2,"11":2,"12":2,"13":2,"14":2,"15":10,"16":2,"17":0,"18":2,"19":10,"20":2,"21":0,"22":2,"23":2,"24":1,"25":1,"26":1,"27":1,"28":5,"29":5,"30":5,"31":5,"32":0,"33":0,"34":1,"35":5,"36":5,"37":1,"38":1,"39":2,"40":0,"41":0,"42":0,"43":0,"44":0,"45":0,"46":0,"47":0,"48":0,"49":0,"50":0,"51":2,"52":0,"53":0,"54":0,"55":0,"56":0,"57":2,"58":10,"59":0,"60":0,"61":0,"62":0,"63":0,"64":0,"65":5},"f":{"0":2,"1":10,"2":0,"3":10,"4":0,"5":2,"6":1,"7":5,"8":5,"9":5,"10":0,"11":0,"12":10,"13":0,"14":0,"15":0,"16":0,"17":5},"b":{"0":[2],"1":[2],"2":[2,0],"3":[1,1],"4":[2,2,2],"5":[5,0],"6":[5,5],"7":[5,0],"8":[5,5],"9":[0,0],"10":[0,0,0],"11":[0,0],"12":[0,0],"13":[0,0],"14":[0,0],"15":[0,0],"16":[0,0],"17":[2,0],"18":[2,0],"19":[2,2],"20":[2,0],"21":[2,0],"22":[0,2],"23":[0,0],"24":[0,2],"25":[0,0],"26":[0,0],"27":[0,0],"28":[0,0]},"meta":{"lastBranch":29,"lastFunction":18,"lastStatement":66,"seen":{"s:10:86:10:Infinity":0,"s:11:19:11:Infinity":1,"f:13:24:13:39":0,"s:14:25:14:Infinity":2,"s:15:37:15:Infinity":3,"b:15:30:15:33":0,"s:16:28:16:Infinity":4,"s:17:40:17:Infinity":5,"b:17:33:17:36":1,"s:19:50:19:Infinity":6,"s:20:58:20:Infinity":7,"s:21:44:21:Infinity":8,"s:22:52:22:Infinity":9,"s:23:32:23:Infinity":10,"s:24:32:24:Infinity":11,"s:25:44:25:Infinity":12,"s:27:32:30:Infinity":13,"b:28:26:28:70:28:70:28:Infinity":2,"s:32:28:32:Infinity":14,"f:32:43:32:48":1,"s:32:48:32:74":15,"s:33:32:33:Infinity":16,"f:33:50:33:55":2,"s:33:55:33:85":17,"s:35:27:35:Infinity":18,"f:35:44:35:49":3,"s:35:49:35:70":19,"s:36:31:36:Infinity":20,"f:36:51:36:56":4,"s:36:56:36:77":21,"s:39:4:69:Infinity":22,"f:39:14:39:20":5,"b:40:8:40:Infinity:undefined:undefined:undefined:undefined":3,"s:40:8:40:Infinity":23,"b:40:12:40:25:40:25:40:56:40:56:40:83":4,"s:40:83:40:Infinity":24,"s:41:25:41:Infinity":25,"s:42:30:67:Infinity":26,"f:42:30:42:42":6,"s:43:28:60:Infinity":27,"f:44:35:44:42":7,"s:45:20:57:Infinity":28,"s:46:36:46:Infinity":29,"b:47:24:54:Infinity:undefined:undefined:undefined:undefined":5,"s:47:24:54:Infinity":30,"b:47:28:47:43:47:43:47:59":6,"s:48:28:53:Infinity":31,"b:50:42:50:70:50:70:50:72":7,"s:56:24:56:Infinity":32,"s:58:20:58:Infinity":33,"s:62:31:64:Infinity":34,"f:63:24:63:25":8,"s:63:65:63:109":35,"b:63:65:63:93:63:93:63:109":8,"f:64:21:64:26":9,"s:64:26:64:33":36,"s:66:12:66:Infinity":37,"s:68:8:68:Infinity":38,"s:71:32:91:Infinity":39,"f:71:32:71:44":10,"b:72:8:72:Infinity:undefined:undefined:undefined:undefined":9,"s:72:8:72:Infinity":40,"b:72:12:72:32:72:32:72:56:72:56:72:67":10,"s:72:67:72:Infinity":41,"s:74:23:74:Infinity":42,"s:75:34:75:Infinity":43,"s:77:8:90:Infinity":44,"s:78:28:82:Infinity":45,"b:81:28:81:70:81:70:81:Infinity":11,"s:83:12:83:Infinity":46,"b:84:12:87:Infinity:undefined:undefined:undefined:undefined":12,"s:84:12:87:Infinity":47,"s:85:16:85:Infinity":48,"b:85:28:85:72:85:72:85:74":13,"s:86:16:86:Infinity":49,"b:86:28:86:72:86:72:86:74":14,"s:89:12:89:Infinity":50,"s:93:36:99:Infinity":51,"f:93:36:93:42":11,"b:94:8:94:Infinity:undefined:undefined:undefined:undefined":15,"s:94:8:94:Infinity":52,"b:94:12:94:32:94:32:94:54":16,"s:94:54:94:Infinity":53,"s:95:23:95:Infinity":54,"s:96:28:96:Infinity":55,"s:98:8:98:Infinity":56,"s:101:4:311:Infinity":57,"b:130:37:130:68:130:68:130:Infinity":17,"f:131:56:131:Infinity":12,"s:132:40:134:Infinity":58,"b:139:29:139:Infinity:140:32:143:Infinity":18,"b:162:37:162:72:162:72:162:Infinity":19,"f:163:60:163:Infinity":13,"s:164:40:166:Infinity":59,"b:171:29:171:Infinity:172:32:175:Infinity":20,"b:182:34:182:54:182:54:182:Infinity":21,"b:194:32:207:Infinity:208:32:305:Infinity":22,"b:196:40:200:Infinity:202:40:205:Infinity":23,"b:209:32:280:Infinity:282:32:305:Infinity":24,"f:227:60:227:Infinity":14,"s:228:44:233:Infinity":60,"b:256:88:256:100:256:100:256:Infinity":25,"f:257:57:257:63":15,"s:257:65:257:95":61,"s:257:95:257:118":62,"b:258:100:258:151:258:151:258:153":26,"b:264:88:264:100:264:100:264:Infinity":27,"f:265:57:265:63":16,"s:265:65:265:95":63,"s:265:95:265:118":64,"b:266:100:266:134:266:134:266:136":28,"f:289:60:289:Infinity":17,"s:290:44:295:Infinity":65}}}
,"C:\\Users\\leoma\\OneDrive\\Desktop\\Apps\\Soclean Coordinación\\src\\stores\\authStore.ts": {"path":"C:\\Users\\leoma\\OneDrive\\Desktop\\Apps\\Soclean Coordinación\\src\\stores\\authStore.ts","statementMap":{"0":{"start":{"line":17,"column":13},"end":{"line":25,"column":null}},"1":{"start":{"line":17,"column":56},"end":{"line":25,"column":2}},"2":{"start":{"line":21,"column":23},"end":{"line":21,"column":null}},"3":{"start":{"line":22,"column":23},"end":{"line":22,"column":null}},"4":{"start":{"line":23,"column":31},"end":{"line":23,"column":null}},"5":{"start":{"line":24,"column":19},"end":{"line":24,"column":null}}},"fnMap":{"0":{"name":"(anonymous_0)","decl":{"start":{"line":17,"column":46},"end":{"line":17,"column":47}},"loc":{"start":{"line":17,"column":56},"end":{"line":25,"column":2}},"line":17},"1":{"name":"(anonymous_1)","decl":{"start":{"line":21,"column":13},"end":{"line":21,"column":14}},"loc":{"start":{"line":21,"column":23},"end":{"line":21,"column":null}},"line":21},"2":{"name":"(anonymous_2)","decl":{"start":{"line":22,"column":13},"end":{"line":22,"column":14}},"loc":{"start":{"line":22,"column":23},"end":{"line":22,"column":null}},"line":22},"3":{"name":"(anonymous_3)","decl":{"start":{"line":23,"column":16},"end":{"line":23,"column":17}},"loc":{"start":{"line":23,"column":31},"end":{"line":23,"column":null}},"line":23},"4":{"name":"(anonymous_4)","decl":{"start":{"line":24,"column":13},"end":{"line":24,"column":19}},"loc":{"start":{"line":24,"column":19},"end":{"line":24,"column":null}},"line":24}},"branchMap":{},"s":{"0":1,"1":1,"2":0,"3":0,"4":2,"5":0},"f":{"0":1,"1":0,"2":0,"3":2,"4":0},"b":{},"meta":{"lastBranch":0,"lastFunction":5,"lastStatement":6,"seen":{"s:17:13:25:Infinity":0,"f:17:46:17:47":0,"s:17:56:25:2":1,"f:21:13:21:14":1,"s:21:23:21:Infinity":2,"f:22:13:22:14":2,"s:22:23:22:Infinity":3,"f:23:16:23:17":3,"s:23:31:23:Infinity":4,"f:24:13:24:19":4,"s:24:19:24:Infinity":5}}}
}
